
Tracing dependencies for: require-frontend

/mnt/hgfs/ws/ljs_admin/public/assets/js/require-frontend.min.js
----------------
/mnt/hgfs/ws/ljs_admin/public/assets/libs/jquery/dist/jquery.min.js
/mnt/hgfs/ws/ljs_admin/public/assets/libs/bootstrap/dist/js/bootstrap.min.js
/mnt/hgfs/ws/ljs_admin/public/assets/js/require-frontend.js
/mnt/hgfs/ws/ljs_admin/public/assets/js/../libs/require-css/css.min.js
/mnt/hgfs/ws/ljs_admin/public/assets/libs/layer/src/layer.js
/mnt/hgfs/ws/ljs_admin/public/assets/libs/toastr/toastr.js
/mnt/hgfs/ws/ljs_admin/public/assets/js/fast.js
/mnt/hgfs/ws/ljs_admin/public/assets/js/frontend.js


Tracing dependencies for: require-backend

/mnt/hgfs/ws/ljs_admin/public/assets/js/require-backend.min.js
----------------
/mnt/hgfs/ws/ljs_admin/public/assets/libs/jquery/dist/jquery.min.js
/mnt/hgfs/ws/ljs_admin/public/assets/libs/bootstrap/dist/js/bootstrap.min.js
/mnt/hgfs/ws/ljs_admin/public/assets/js/require-backend.js
/mnt/hgfs/ws/ljs_admin/public/assets/js/../libs/require-css/css.min.js
/mnt/hgfs/ws/ljs_admin/public/assets/libs/layer/src/layer.js
/mnt/hgfs/ws/ljs_admin/public/assets/libs/toastr/toastr.js
/mnt/hgfs/ws/ljs_admin/public/assets/js/fast.js
/mnt/hgfs/ws/ljs_admin/public/assets/js/../libs/moment/moment.js
/mnt/hgfs/ws/ljs_admin/public/assets/js/backend.js
/mnt/hgfs/ws/ljs_admin/public/assets/js/../libs/moment/locale/zh-cn.js
/mnt/hgfs/ws/ljs_admin/public/assets/libs/bootstrap-table/dist/bootstrap-table.min.js
/mnt/hgfs/ws/ljs_admin/public/assets/libs/bootstrap-table/dist/locale/bootstrap-table-zh-CN.js
/mnt/hgfs/ws/ljs_admin/public/assets/libs/bootstrap-table/dist/extensions/mobile/bootstrap-table-mobile.js
/mnt/hgfs/ws/ljs_admin/public/assets/libs/tableExport.jquery.plugin/tableExport.min.js
/mnt/hgfs/ws/ljs_admin/public/assets/libs/bootstrap-table/dist/extensions/export/bootstrap-table-export.min.js
/mnt/hgfs/ws/ljs_admin/public/assets/libs/eonasdan-bootstrap-datetimepicker/build/js/bootstrap-datetimepicker.min.js
/mnt/hgfs/ws/ljs_admin/public/assets/libs/bootstrap-daterangepicker/daterangepicker.js
/mnt/hgfs/ws/ljs_admin/public/assets/js/bootstrap-table-commonsearch.js
/mnt/hgfs/ws/ljs_admin/public/assets/libs/art-template/dist/template-native.js
/mnt/hgfs/ws/ljs_admin/public/assets/js/bootstrap-table-template.js
/mnt/hgfs/ws/ljs_admin/public/assets/js/require-table.js
/mnt/hgfs/ws/ljs_admin/public/assets/js/../libs/plupload/js/moxie.min.js
/mnt/hgfs/ws/ljs_admin/public/assets/libs/plupload/js/plupload.min.js
/mnt/hgfs/ws/ljs_admin/public/assets/js/require-upload.js
/mnt/hgfs/ws/ljs_admin/public/assets/libs/nice-validator/dist/jquery.validator.js
/mnt/hgfs/ws/ljs_admin/public/assets/libs/nice-validator/dist/local/zh-CN.js
/mnt/hgfs/ws/ljs_admin/public/assets/js/require-validator.js
/mnt/hgfs/ws/ljs_admin/public/assets/js/require-form.js
/mnt/hgfs/ws/ljs_admin/public/assets/libs/dragsort/jquery.dragsort.js
/mnt/hgfs/ws/ljs_admin/public/assets/js/jquery.drag.min.js
/mnt/hgfs/ws/ljs_admin/public/assets/js/jquery.drop.min.js
/mnt/hgfs/ws/ljs_admin/public/assets/libs/jquery-addtabs/jquery.addtabs.js
/mnt/hgfs/ws/ljs_admin/public/assets/libs/selectpage/selectpage.js


Tracing dependencies for: require-frontend

/mnt/hgfs/ws/ljs_admin/public/assets/js/require-frontend.min.js
----------------
/mnt/hgfs/ws/ljs_admin/public/assets/libs/jquery/dist/jquery.min.js
/mnt/hgfs/ws/ljs_admin/public/assets/libs/bootstrap/dist/js/bootstrap.min.js
/mnt/hgfs/ws/ljs_admin/public/assets/js/require-frontend.js
/mnt/hgfs/ws/ljs_admin/public/assets/js/../libs/require-css/css.min.js
/mnt/hgfs/ws/ljs_admin/public/assets/libs/layer/src/layer.js
/mnt/hgfs/ws/ljs_admin/public/assets/libs/toastr/toastr.js
/mnt/hgfs/ws/ljs_admin/public/assets/js/fast.js
/mnt/hgfs/ws/ljs_admin/public/assets/js/frontend.js


Tracing dependencies for: require-backend

/mnt/hgfs/ws/ljs_admin/public/assets/js/require-backend.min.js
----------------
/mnt/hgfs/ws/ljs_admin/public/assets/libs/jquery/dist/jquery.min.js
/mnt/hgfs/ws/ljs_admin/public/assets/libs/bootstrap/dist/js/bootstrap.min.js
/mnt/hgfs/ws/ljs_admin/public/assets/js/require-backend.js
/mnt/hgfs/ws/ljs_admin/public/assets/js/../libs/require-css/css.min.js
/mnt/hgfs/ws/ljs_admin/public/assets/libs/layer/src/layer.js
/mnt/hgfs/ws/ljs_admin/public/assets/libs/toastr/toastr.js
/mnt/hgfs/ws/ljs_admin/public/assets/js/fast.js
/mnt/hgfs/ws/ljs_admin/public/assets/js/../libs/moment/moment.js
/mnt/hgfs/ws/ljs_admin/public/assets/js/backend.js
/mnt/hgfs/ws/ljs_admin/public/assets/js/../libs/moment/locale/zh-cn.js
/mnt/hgfs/ws/ljs_admin/public/assets/libs/bootstrap-table/dist/bootstrap-table.min.js
/mnt/hgfs/ws/ljs_admin/public/assets/libs/bootstrap-table/dist/locale/bootstrap-table-zh-CN.js
/mnt/hgfs/ws/ljs_admin/public/assets/libs/bootstrap-table/dist/extensions/mobile/bootstrap-table-mobile.js
/mnt/hgfs/ws/ljs_admin/public/assets/libs/tableExport.jquery.plugin/tableExport.min.js
/mnt/hgfs/ws/ljs_admin/public/assets/libs/bootstrap-table/dist/extensions/export/bootstrap-table-export.min.js
/mnt/hgfs/ws/ljs_admin/public/assets/libs/eonasdan-bootstrap-datetimepicker/build/js/bootstrap-datetimepicker.min.js
/mnt/hgfs/ws/ljs_admin/public/assets/libs/bootstrap-daterangepicker/daterangepicker.js
/mnt/hgfs/ws/ljs_admin/public/assets/js/bootstrap-table-commonsearch.js
/mnt/hgfs/ws/ljs_admin/public/assets/libs/art-template/dist/template-native.js
/mnt/hgfs/ws/ljs_admin/public/assets/js/bootstrap-table-template.js
/mnt/hgfs/ws/ljs_admin/public/assets/js/require-table.js
/mnt/hgfs/ws/ljs_admin/public/assets/js/../libs/plupload/js/moxie.min.js
/mnt/hgfs/ws/ljs_admin/public/assets/libs/plupload/js/plupload.min.js
/mnt/hgfs/ws/ljs_admin/public/assets/js/require-upload.js
/mnt/hgfs/ws/ljs_admin/public/assets/libs/nice-validator/dist/jquery.validator.js
/mnt/hgfs/ws/ljs_admin/public/assets/libs/nice-validator/dist/local/zh-CN.js
/mnt/hgfs/ws/ljs_admin/public/assets/js/require-validator.js
/mnt/hgfs/ws/ljs_admin/public/assets/js/require-form.js
/mnt/hgfs/ws/ljs_admin/public/assets/libs/dragsort/jquery.dragsort.js
/mnt/hgfs/ws/ljs_admin/public/assets/js/jquery.drag.min.js
/mnt/hgfs/ws/ljs_admin/public/assets/js/jquery.drop.min.js
/mnt/hgfs/ws/ljs_admin/public/assets/libs/jquery-addtabs/jquery.addtabs.js
/mnt/hgfs/ws/ljs_admin/public/assets/libs/selectpage/selectpage.js


Tracing dependencies for: require-frontend

/mnt/hgfs/ws/ljs_admin/public/assets/js/require-frontend.min.js
----------------
/mnt/hgfs/ws/ljs_admin/public/assets/libs/jquery/dist/jquery.min.js
/mnt/hgfs/ws/ljs_admin/public/assets/libs/bootstrap/dist/js/bootstrap.min.js
/mnt/hgfs/ws/ljs_admin/public/assets/js/require-frontend.js
/mnt/hgfs/ws/ljs_admin/public/assets/js/../libs/require-css/css.min.js
/mnt/hgfs/ws/ljs_admin/public/assets/libs/layer/dist/layer.js
/mnt/hgfs/ws/ljs_admin/public/assets/libs/toastr/toastr.js
/mnt/hgfs/ws/ljs_admin/public/assets/js/fast.js
/mnt/hgfs/ws/ljs_admin/public/assets/js/frontend.js
/mnt/hgfs/ws/ljs_admin/public/assets/js/frontend-init.js


/mnt/hgfs/ws/ljs_admin/public/assets/css/frontend.min.css
----------------
/mnt/hgfs/ws/ljs_admin/public/assets/css/../css/bootstrap.min.css
/mnt/hgfs/ws/ljs_admin/public/assets/css/../css/fastadmin.min.css
/mnt/hgfs/ws/ljs_admin/public/assets/css/../css/iconfont.css
/mnt/hgfs/ws/ljs_admin/public/assets/css/../libs/font-awesome/css/font-awesome.min.css
/mnt/hgfs/ws/ljs_admin/public/assets/css/../libs/toastr/toastr.min.css
/mnt/hgfs/ws/ljs_admin/public/assets/css/../libs/layer/dist/theme/default/layer.css
/mnt/hgfs/ws/ljs_admin/public/assets/css/../libs/bootstrap-daterangepicker/daterangepicker.css
/mnt/hgfs/ws/ljs_admin/public/assets/css/../libs/nice-validator/dist/jquery.validator.css
/mnt/hgfs/ws/ljs_admin/public/assets/css/frontend.css


Tracing dependencies for: require-backend
Error: Error: ENOENT: no such file or directory, open '/mnt/hgfs/ws/ljs_admin/public/assets/libs/fastadmin-dragsort/jquery.dragsort.js'
    at Object.fs.openSync (fs.js:646:18)

/mnt/hgfs/ws/ljs_admin/public/assets/css/backend.css
  Cannot inline css import, skipping: ../libs/fastadmin-selectpage/selectpage.css

/mnt/hgfs/ws/ljs_admin/public/assets/css/backend.min.css
----------------
/mnt/hgfs/ws/ljs_admin/public/assets/css/../css/bootstrap.min.css
/mnt/hgfs/ws/ljs_admin/public/assets/css/../css/fastadmin.min.css
/mnt/hgfs/ws/ljs_admin/public/assets/css/../css/skins/skin-green.css
/mnt/hgfs/ws/ljs_admin/public/assets/css/../css/iconfont.css
/mnt/hgfs/ws/ljs_admin/public/assets/css/../libs/font-awesome/css/font-awesome.min.css
/mnt/hgfs/ws/ljs_admin/public/assets/css/../libs/toastr/toastr.min.css
/mnt/hgfs/ws/ljs_admin/public/assets/css/../libs/layer/dist/theme/default/layer.css
/mnt/hgfs/ws/ljs_admin/public/assets/css/../libs/bootstrap-table/dist/bootstrap-table.min.css
/mnt/hgfs/ws/ljs_admin/public/assets/css/../libs/eonasdan-bootstrap-datetimepicker/build/css/bootstrap-datetimepicker.min.css
/mnt/hgfs/ws/ljs_admin/public/assets/css/../libs/bootstrap-daterangepicker/daterangepicker.css
/mnt/hgfs/ws/ljs_admin/public/assets/css/../libs/nice-validator/dist/jquery.validator.css
/mnt/hgfs/ws/ljs_admin/public/assets/css/backend.css


Tracing dependencies for: require-frontend

/mnt/hgfs/ws/ljs_admin/public/assets/js/require-frontend.min.js
----------------
/mnt/hgfs/ws/ljs_admin/public/assets/libs/jquery/dist/jquery.min.js
/mnt/hgfs/ws/ljs_admin/public/assets/libs/bootstrap/dist/js/bootstrap.min.js
/mnt/hgfs/ws/ljs_admin/public/assets/js/require-frontend.js
/mnt/hgfs/ws/ljs_admin/public/assets/js/../libs/require-css/css.min.js
/mnt/hgfs/ws/ljs_admin/public/assets/libs/layer/dist/layer.js
/mnt/hgfs/ws/ljs_admin/public/assets/libs/toastr/toastr.js
/mnt/hgfs/ws/ljs_admin/public/assets/js/fast.js
/mnt/hgfs/ws/ljs_admin/public/assets/js/frontend.js
/mnt/hgfs/ws/ljs_admin/public/assets/js/frontend-init.js


/mnt/hgfs/ws/ljs_admin/public/assets/css/frontend.min.css
----------------
/mnt/hgfs/ws/ljs_admin/public/assets/css/../css/bootstrap.min.css
/mnt/hgfs/ws/ljs_admin/public/assets/css/../css/fastadmin.min.css
/mnt/hgfs/ws/ljs_admin/public/assets/css/../css/iconfont.css
/mnt/hgfs/ws/ljs_admin/public/assets/css/../libs/font-awesome/css/font-awesome.min.css
/mnt/hgfs/ws/ljs_admin/public/assets/css/../libs/toastr/toastr.min.css
/mnt/hgfs/ws/ljs_admin/public/assets/css/../libs/layer/dist/theme/default/layer.css
/mnt/hgfs/ws/ljs_admin/public/assets/css/../libs/bootstrap-daterangepicker/daterangepicker.css
/mnt/hgfs/ws/ljs_admin/public/assets/css/../libs/nice-validator/dist/jquery.validator.css
/mnt/hgfs/ws/ljs_admin/public/assets/css/frontend.css


Tracing dependencies for: require-backend

/mnt/hgfs/ws/ljs_admin/public/assets/js/require-backend.min.js
----------------
/mnt/hgfs/ws/ljs_admin/public/assets/libs/jquery/dist/jquery.min.js
/mnt/hgfs/ws/ljs_admin/public/assets/libs/bootstrap/dist/js/bootstrap.min.js
/mnt/hgfs/ws/ljs_admin/public/assets/js/require-backend.js
/mnt/hgfs/ws/ljs_admin/public/assets/js/../libs/require-css/css.min.js
/mnt/hgfs/ws/ljs_admin/public/assets/libs/layer/dist/layer.js
/mnt/hgfs/ws/ljs_admin/public/assets/libs/toastr/toastr.js
/mnt/hgfs/ws/ljs_admin/public/assets/js/fast.js
/mnt/hgfs/ws/ljs_admin/public/assets/js/../libs/moment/moment.js
/mnt/hgfs/ws/ljs_admin/public/assets/js/backend.js
/mnt/hgfs/ws/ljs_admin/public/assets/js/backend-init.js
/mnt/hgfs/ws/ljs_admin/public/assets/js/../libs/moment/locale/zh-cn.js
/mnt/hgfs/ws/ljs_admin/public/assets/libs/bootstrap-table/dist/bootstrap-table.min.js
/mnt/hgfs/ws/ljs_admin/public/assets/libs/bootstrap-table/dist/locale/bootstrap-table-zh-CN.js
/mnt/hgfs/ws/ljs_admin/public/assets/libs/tableExport.jquery.plugin/tableExport.min.js
/mnt/hgfs/ws/ljs_admin/public/assets/libs/bootstrap-table/dist/extensions/export/bootstrap-table-export.min.js
/mnt/hgfs/ws/ljs_admin/public/assets/libs/eonasdan-bootstrap-datetimepicker/build/js/bootstrap-datetimepicker.min.js
/mnt/hgfs/ws/ljs_admin/public/assets/libs/bootstrap-daterangepicker/daterangepicker.js
/mnt/hgfs/ws/ljs_admin/public/assets/js/bootstrap-table-commonsearch.js
/mnt/hgfs/ws/ljs_admin/public/assets/libs/art-template/dist/template-native.js
/mnt/hgfs/ws/ljs_admin/public/assets/js/bootstrap-table-template.js
/mnt/hgfs/ws/ljs_admin/public/assets/js/require-table.js
/mnt/hgfs/ws/ljs_admin/public/assets/js/../libs/plupload/js/moxie.min.js
/mnt/hgfs/ws/ljs_admin/public/assets/libs/plupload/js/plupload.min.js
/mnt/hgfs/ws/ljs_admin/public/assets/js/require-upload.js
/mnt/hgfs/ws/ljs_admin/public/assets/libs/nice-validator/dist/jquery.validator.js
/mnt/hgfs/ws/ljs_admin/public/assets/libs/nice-validator/dist/local/zh-CN.js
/mnt/hgfs/ws/ljs_admin/public/assets/js/require-validator.js
/mnt/hgfs/ws/ljs_admin/public/assets/js/require-form.js
/mnt/hgfs/ws/ljs_admin/public/assets/libs/fastadmin-dragsort/jquery.dragsort.js
/mnt/hgfs/ws/ljs_admin/public/assets/js/jquery.drag.min.js
/mnt/hgfs/ws/ljs_admin/public/assets/js/jquery.drop.min.js
/mnt/hgfs/ws/ljs_admin/public/assets/libs/fastadmin-addtabs/jquery.addtabs.js
/mnt/hgfs/ws/ljs_admin/public/assets/libs/fastadmin-selectpage/selectpage.js


/mnt/hgfs/ws/ljs_admin/public/assets/css/backend.min.css
----------------
/mnt/hgfs/ws/ljs_admin/public/assets/css/../css/bootstrap.min.css
/mnt/hgfs/ws/ljs_admin/public/assets/css/../css/fastadmin.min.css
/mnt/hgfs/ws/ljs_admin/public/assets/css/../css/skins/skin-green.css
/mnt/hgfs/ws/ljs_admin/public/assets/css/../css/iconfont.css
/mnt/hgfs/ws/ljs_admin/public/assets/css/../libs/font-awesome/css/font-awesome.min.css
/mnt/hgfs/ws/ljs_admin/public/assets/css/../libs/toastr/toastr.min.css
/mnt/hgfs/ws/ljs_admin/public/assets/css/../libs/layer/dist/theme/default/layer.css
/mnt/hgfs/ws/ljs_admin/public/assets/css/../libs/bootstrap-table/dist/bootstrap-table.min.css
/mnt/hgfs/ws/ljs_admin/public/assets/css/../libs/eonasdan-bootstrap-datetimepicker/build/css/bootstrap-datetimepicker.min.css
/mnt/hgfs/ws/ljs_admin/public/assets/css/../libs/bootstrap-daterangepicker/daterangepicker.css
/mnt/hgfs/ws/ljs_admin/public/assets/css/../libs/nice-validator/dist/jquery.validator.css
/mnt/hgfs/ws/ljs_admin/public/assets/css/../libs/fastadmin-selectpage/selectpage.css
/mnt/hgfs/ws/ljs_admin/public/assets/css/backend.css


Tracing dependencies for: require-frontend

/mnt/hgfs/ws/ljs_admin/public/assets/js/require-frontend.min.js
----------------
/mnt/hgfs/ws/ljs_admin/public/assets/libs/jquery/dist/jquery.min.js
/mnt/hgfs/ws/ljs_admin/public/assets/libs/bootstrap/dist/js/bootstrap.min.js
/mnt/hgfs/ws/ljs_admin/public/assets/js/require-frontend.js
/mnt/hgfs/ws/ljs_admin/public/assets/js/../libs/require-css/css.min.js
/mnt/hgfs/ws/ljs_admin/public/assets/libs/layer/dist/layer.js
/mnt/hgfs/ws/ljs_admin/public/assets/libs/toastr/toastr.js
/mnt/hgfs/ws/ljs_admin/public/assets/js/fast.js
/mnt/hgfs/ws/ljs_admin/public/assets/js/frontend.js
/mnt/hgfs/ws/ljs_admin/public/assets/js/frontend-init.js


/mnt/hgfs/ws/ljs_admin/public/assets/css/frontend.min.css
----------------
/mnt/hgfs/ws/ljs_admin/public/assets/css/../css/bootstrap.min.css
/mnt/hgfs/ws/ljs_admin/public/assets/css/../css/fastadmin.min.css
/mnt/hgfs/ws/ljs_admin/public/assets/css/../css/iconfont.css
/mnt/hgfs/ws/ljs_admin/public/assets/css/../libs/font-awesome/css/font-awesome.min.css
/mnt/hgfs/ws/ljs_admin/public/assets/css/../libs/toastr/toastr.min.css
/mnt/hgfs/ws/ljs_admin/public/assets/css/../libs/layer/dist/theme/default/layer.css
/mnt/hgfs/ws/ljs_admin/public/assets/css/../libs/bootstrap-daterangepicker/daterangepicker.css
/mnt/hgfs/ws/ljs_admin/public/assets/css/../libs/nice-validator/dist/jquery.validator.css
/mnt/hgfs/ws/ljs_admin/public/assets/css/frontend.css


Tracing dependencies for: require-backend

/mnt/hgfs/ws/ljs_admin/public/assets/js/require-backend.min.js
----------------
/mnt/hgfs/ws/ljs_admin/public/assets/libs/jquery/dist/jquery.min.js
/mnt/hgfs/ws/ljs_admin/public/assets/libs/bootstrap/dist/js/bootstrap.min.js
/mnt/hgfs/ws/ljs_admin/public/assets/js/require-backend.js
/mnt/hgfs/ws/ljs_admin/public/assets/js/../libs/require-css/css.min.js
/mnt/hgfs/ws/ljs_admin/public/assets/libs/layer/dist/layer.js
/mnt/hgfs/ws/ljs_admin/public/assets/libs/toastr/toastr.js
/mnt/hgfs/ws/ljs_admin/public/assets/js/fast.js
/mnt/hgfs/ws/ljs_admin/public/assets/js/../libs/moment/moment.js
/mnt/hgfs/ws/ljs_admin/public/assets/js/backend.js
/mnt/hgfs/ws/ljs_admin/public/assets/js/backend-init.js
/mnt/hgfs/ws/ljs_admin/public/assets/js/../libs/moment/locale/zh-cn.js
/mnt/hgfs/ws/ljs_admin/public/assets/libs/bootstrap-table/dist/bootstrap-table.min.js
/mnt/hgfs/ws/ljs_admin/public/assets/libs/bootstrap-table/dist/locale/bootstrap-table-zh-CN.js
/mnt/hgfs/ws/ljs_admin/public/assets/libs/tableExport.jquery.plugin/tableExport.min.js
/mnt/hgfs/ws/ljs_admin/public/assets/libs/bootstrap-table/dist/extensions/export/bootstrap-table-export.min.js
/mnt/hgfs/ws/ljs_admin/public/assets/libs/eonasdan-bootstrap-datetimepicker/build/js/bootstrap-datetimepicker.min.js
/mnt/hgfs/ws/ljs_admin/public/assets/libs/bootstrap-daterangepicker/daterangepicker.js
/mnt/hgfs/ws/ljs_admin/public/assets/js/bootstrap-table-commonsearch.js
/mnt/hgfs/ws/ljs_admin/public/assets/libs/art-template/dist/template-native.js
/mnt/hgfs/ws/ljs_admin/public/assets/js/bootstrap-table-template.js
/mnt/hgfs/ws/ljs_admin/public/assets/js/require-table.js
/mnt/hgfs/ws/ljs_admin/public/assets/js/../libs/plupload/js/moxie.min.js
/mnt/hgfs/ws/ljs_admin/public/assets/libs/plupload/js/plupload.min.js
/mnt/hgfs/ws/ljs_admin/public/assets/js/require-upload.js
/mnt/hgfs/ws/ljs_admin/public/assets/libs/nice-validator/dist/jquery.validator.js
/mnt/hgfs/ws/ljs_admin/public/assets/libs/nice-validator/dist/local/zh-CN.js
/mnt/hgfs/ws/ljs_admin/public/assets/js/require-validator.js
/mnt/hgfs/ws/ljs_admin/public/assets/js/require-form.js
/mnt/hgfs/ws/ljs_admin/public/assets/libs/fastadmin-dragsort/jquery.dragsort.js
/mnt/hgfs/ws/ljs_admin/public/assets/js/jquery.drag.min.js
/mnt/hgfs/ws/ljs_admin/public/assets/js/jquery.drop.min.js
/mnt/hgfs/ws/ljs_admin/public/assets/libs/fastadmin-addtabs/jquery.addtabs.js
/mnt/hgfs/ws/ljs_admin/public/assets/libs/fastadmin-selectpage/selectpage.js


/mnt/hgfs/ws/ljs_admin/public/assets/css/backend.min.css
----------------
/mnt/hgfs/ws/ljs_admin/public/assets/css/../css/bootstrap.min.css
/mnt/hgfs/ws/ljs_admin/public/assets/css/../css/fastadmin.min.css
/mnt/hgfs/ws/ljs_admin/public/assets/css/../css/skins/skin-green.css
/mnt/hgfs/ws/ljs_admin/public/assets/css/../css/iconfont.css
/mnt/hgfs/ws/ljs_admin/public/assets/css/../libs/font-awesome/css/font-awesome.min.css
/mnt/hgfs/ws/ljs_admin/public/assets/css/../libs/toastr/toastr.min.css
/mnt/hgfs/ws/ljs_admin/public/assets/css/../libs/layer/dist/theme/default/layer.css
/mnt/hgfs/ws/ljs_admin/public/assets/css/../libs/bootstrap-table/dist/bootstrap-table.min.css
/mnt/hgfs/ws/ljs_admin/public/assets/css/../libs/eonasdan-bootstrap-datetimepicker/build/css/bootstrap-datetimepicker.min.css
/mnt/hgfs/ws/ljs_admin/public/assets/css/../libs/bootstrap-daterangepicker/daterangepicker.css
/mnt/hgfs/ws/ljs_admin/public/assets/css/../libs/nice-validator/dist/jquery.validator.css
/mnt/hgfs/ws/ljs_admin/public/assets/css/../libs/fastadmin-selectpage/selectpage.css
/mnt/hgfs/ws/ljs_admin/public/assets/css/backend.css


Tracing dependencies for: require-frontend

/mnt/hgfs/ws/ljs_admin/public/assets/js/require-frontend.min.js
----------------
/mnt/hgfs/ws/ljs_admin/public/assets/libs/jquery/dist/jquery.min.js
/mnt/hgfs/ws/ljs_admin/public/assets/libs/bootstrap/dist/js/bootstrap.min.js
/mnt/hgfs/ws/ljs_admin/public/assets/js/require-frontend.js
/mnt/hgfs/ws/ljs_admin/public/assets/js/../libs/require-css/css.min.js
/mnt/hgfs/ws/ljs_admin/public/assets/libs/layer/dist/layer.js
/mnt/hgfs/ws/ljs_admin/public/assets/libs/toastr/toastr.js
/mnt/hgfs/ws/ljs_admin/public/assets/js/fast.js
/mnt/hgfs/ws/ljs_admin/public/assets/js/frontend.js
/mnt/hgfs/ws/ljs_admin/public/assets/js/frontend-init.js


/mnt/hgfs/ws/ljs_admin/public/assets/css/frontend.min.css
----------------
/mnt/hgfs/ws/ljs_admin/public/assets/css/../css/bootstrap.min.css
/mnt/hgfs/ws/ljs_admin/public/assets/css/../css/fastadmin.min.css
/mnt/hgfs/ws/ljs_admin/public/assets/css/../css/iconfont.css
/mnt/hgfs/ws/ljs_admin/public/assets/css/../libs/font-awesome/css/font-awesome.min.css
/mnt/hgfs/ws/ljs_admin/public/assets/css/../libs/toastr/toastr.min.css
/mnt/hgfs/ws/ljs_admin/public/assets/css/../libs/layer/dist/theme/default/layer.css
/mnt/hgfs/ws/ljs_admin/public/assets/css/../libs/bootstrap-daterangepicker/daterangepicker.css
/mnt/hgfs/ws/ljs_admin/public/assets/css/../libs/nice-validator/dist/jquery.validator.css
/mnt/hgfs/ws/ljs_admin/public/assets/css/frontend.css


Tracing dependencies for: require-backend

/mnt/hgfs/ws/ljs_admin/public/assets/js/require-backend.min.js
----------------
/mnt/hgfs/ws/ljs_admin/public/assets/libs/jquery/dist/jquery.min.js
/mnt/hgfs/ws/ljs_admin/public/assets/libs/bootstrap/dist/js/bootstrap.min.js
/mnt/hgfs/ws/ljs_admin/public/assets/js/require-backend.js
/mnt/hgfs/ws/ljs_admin/public/assets/js/../libs/require-css/css.min.js
/mnt/hgfs/ws/ljs_admin/public/assets/libs/layer/dist/layer.js
/mnt/hgfs/ws/ljs_admin/public/assets/libs/toastr/toastr.js
/mnt/hgfs/ws/ljs_admin/public/assets/js/fast.js
/mnt/hgfs/ws/ljs_admin/public/assets/js/../libs/moment/moment.js
/mnt/hgfs/ws/ljs_admin/public/assets/js/backend.js
/mnt/hgfs/ws/ljs_admin/public/assets/js/backend-init.js
/mnt/hgfs/ws/ljs_admin/public/assets/js/../libs/moment/locale/zh-cn.js
/mnt/hgfs/ws/ljs_admin/public/assets/libs/bootstrap-table/dist/bootstrap-table.min.js
/mnt/hgfs/ws/ljs_admin/public/assets/libs/bootstrap-table/dist/locale/bootstrap-table-zh-CN.js
/mnt/hgfs/ws/ljs_admin/public/assets/libs/tableExport.jquery.plugin/tableExport.min.js
/mnt/hgfs/ws/ljs_admin/public/assets/libs/bootstrap-table/dist/extensions/export/bootstrap-table-export.min.js
/mnt/hgfs/ws/ljs_admin/public/assets/libs/eonasdan-bootstrap-datetimepicker/build/js/bootstrap-datetimepicker.min.js
/mnt/hgfs/ws/ljs_admin/public/assets/libs/bootstrap-daterangepicker/daterangepicker.js
/mnt/hgfs/ws/ljs_admin/public/assets/js/bootstrap-table-commonsearch.js
/mnt/hgfs/ws/ljs_admin/public/assets/libs/art-template/dist/template-native.js
/mnt/hgfs/ws/ljs_admin/public/assets/js/bootstrap-table-template.js
/mnt/hgfs/ws/ljs_admin/public/assets/js/require-table.js
/mnt/hgfs/ws/ljs_admin/public/assets/js/../libs/plupload/js/moxie.min.js
/mnt/hgfs/ws/ljs_admin/public/assets/libs/plupload/js/plupload.min.js
/mnt/hgfs/ws/ljs_admin/public/assets/js/require-upload.js
/mnt/hgfs/ws/ljs_admin/public/assets/libs/nice-validator/dist/jquery.validator.js
/mnt/hgfs/ws/ljs_admin/public/assets/libs/nice-validator/dist/local/zh-CN.js
/mnt/hgfs/ws/ljs_admin/public/assets/js/require-validator.js
/mnt/hgfs/ws/ljs_admin/public/assets/js/require-form.js
/mnt/hgfs/ws/ljs_admin/public/assets/libs/fastadmin-dragsort/jquery.dragsort.js
/mnt/hgfs/ws/ljs_admin/public/assets/js/jquery.drag.min.js
/mnt/hgfs/ws/ljs_admin/public/assets/js/jquery.drop.min.js
/mnt/hgfs/ws/ljs_admin/public/assets/libs/fastadmin-addtabs/jquery.addtabs.js
/mnt/hgfs/ws/ljs_admin/public/assets/libs/fastadmin-selectpage/selectpage.js


/mnt/hgfs/ws/ljs_admin/public/assets/css/backend.min.css
----------------
/mnt/hgfs/ws/ljs_admin/public/assets/css/../css/bootstrap.min.css
/mnt/hgfs/ws/ljs_admin/public/assets/css/../css/fastadmin.min.css
/mnt/hgfs/ws/ljs_admin/public/assets/css/../css/skins/skin-green.css
/mnt/hgfs/ws/ljs_admin/public/assets/css/../css/iconfont.css
/mnt/hgfs/ws/ljs_admin/public/assets/css/../libs/font-awesome/css/font-awesome.min.css
/mnt/hgfs/ws/ljs_admin/public/assets/css/../libs/toastr/toastr.min.css
/mnt/hgfs/ws/ljs_admin/public/assets/css/../libs/layer/dist/theme/default/layer.css
/mnt/hgfs/ws/ljs_admin/public/assets/css/../libs/bootstrap-table/dist/bootstrap-table.min.css
/mnt/hgfs/ws/ljs_admin/public/assets/css/../libs/eonasdan-bootstrap-datetimepicker/build/css/bootstrap-datetimepicker.min.css
/mnt/hgfs/ws/ljs_admin/public/assets/css/../libs/bootstrap-daterangepicker/daterangepicker.css
/mnt/hgfs/ws/ljs_admin/public/assets/css/../libs/nice-validator/dist/jquery.validator.css
/mnt/hgfs/ws/ljs_admin/public/assets/css/../libs/fastadmin-selectpage/selectpage.css
/mnt/hgfs/ws/ljs_admin/public/assets/css/backend.css


Tracing dependencies for: require-frontend

/mnt/hgfs/ws/ljs_admin/public/assets/js/require-frontend.min.js
----------------
/mnt/hgfs/ws/ljs_admin/public/assets/libs/jquery/dist/jquery.min.js
/mnt/hgfs/ws/ljs_admin/public/assets/libs/bootstrap/dist/js/bootstrap.min.js
/mnt/hgfs/ws/ljs_admin/public/assets/js/require-frontend.js
/mnt/hgfs/ws/ljs_admin/public/assets/js/../libs/require-css/css.min.js
/mnt/hgfs/ws/ljs_admin/public/assets/libs/layer/dist/layer.js
/mnt/hgfs/ws/ljs_admin/public/assets/libs/toastr/toastr.js
/mnt/hgfs/ws/ljs_admin/public/assets/js/fast.js
/mnt/hgfs/ws/ljs_admin/public/assets/js/frontend.js
/mnt/hgfs/ws/ljs_admin/public/assets/js/frontend-init.js


Tracing dependencies for: require-backend

/mnt/hgfs/ws/ljs_admin/public/assets/js/require-backend.min.js
----------------
/mnt/hgfs/ws/ljs_admin/public/assets/libs/jquery/dist/jquery.min.js
/mnt/hgfs/ws/ljs_admin/public/assets/libs/bootstrap/dist/js/bootstrap.min.js
/mnt/hgfs/ws/ljs_admin/public/assets/js/require-backend.js
/mnt/hgfs/ws/ljs_admin/public/assets/js/../libs/require-css/css.min.js
/mnt/hgfs/ws/ljs_admin/public/assets/libs/layer/dist/layer.js
/mnt/hgfs/ws/ljs_admin/public/assets/libs/toastr/toastr.js
/mnt/hgfs/ws/ljs_admin/public/assets/js/fast.js
/mnt/hgfs/ws/ljs_admin/public/assets/js/../libs/moment/moment.js
/mnt/hgfs/ws/ljs_admin/public/assets/js/backend.js
/mnt/hgfs/ws/ljs_admin/public/assets/js/backend-init.js
/mnt/hgfs/ws/ljs_admin/public/assets/js/../libs/moment/locale/zh-cn.js
/mnt/hgfs/ws/ljs_admin/public/assets/libs/bootstrap-table/dist/bootstrap-table.min.js
/mnt/hgfs/ws/ljs_admin/public/assets/libs/bootstrap-table/dist/locale/bootstrap-table-zh-CN.js
/mnt/hgfs/ws/ljs_admin/public/assets/libs/tableExport.jquery.plugin/tableExport.min.js
/mnt/hgfs/ws/ljs_admin/public/assets/libs/bootstrap-table/dist/extensions/export/bootstrap-table-export.min.js
/mnt/hgfs/ws/ljs_admin/public/assets/libs/eonasdan-bootstrap-datetimepicker/build/js/bootstrap-datetimepicker.min.js
/mnt/hgfs/ws/ljs_admin/public/assets/libs/bootstrap-daterangepicker/daterangepicker.js
/mnt/hgfs/ws/ljs_admin/public/assets/js/bootstrap-table-commonsearch.js
/mnt/hgfs/ws/ljs_admin/public/assets/libs/art-template/dist/template-native.js
/mnt/hgfs/ws/ljs_admin/public/assets/js/bootstrap-table-template.js
/mnt/hgfs/ws/ljs_admin/public/assets/js/require-table.js
/mnt/hgfs/ws/ljs_admin/public/assets/js/../libs/plupload/js/moxie.min.js
/mnt/hgfs/ws/ljs_admin/public/assets/libs/plupload/js/plupload.min.js
/mnt/hgfs/ws/ljs_admin/public/assets/js/require-upload.js
/mnt/hgfs/ws/ljs_admin/public/assets/libs/nice-validator/dist/jquery.validator.js
/mnt/hgfs/ws/ljs_admin/public/assets/libs/nice-validator/dist/local/zh-CN.js
/mnt/hgfs/ws/ljs_admin/public/assets/js/require-validator.js
/mnt/hgfs/ws/ljs_admin/public/assets/js/require-form.js
/mnt/hgfs/ws/ljs_admin/public/assets/libs/fastadmin-dragsort/jquery.dragsort.js
/mnt/hgfs/ws/ljs_admin/public/assets/js/jquery.drag.min.js
/mnt/hgfs/ws/ljs_admin/public/assets/js/jquery.drop.min.js
/mnt/hgfs/ws/ljs_admin/public/assets/libs/fastadmin-addtabs/jquery.addtabs.js
/mnt/hgfs/ws/ljs_admin/public/assets/libs/fastadmin-selectpage/selectpage.js


Tracing dependencies for: require-frontend

/mnt/hgfs/ws/ljs_admin/public/assets/js/require-frontend.min.js
----------------
/mnt/hgfs/ws/ljs_admin/public/assets/libs/jquery/dist/jquery.min.js
/mnt/hgfs/ws/ljs_admin/public/assets/libs/bootstrap/dist/js/bootstrap.min.js
/mnt/hgfs/ws/ljs_admin/public/assets/js/require-frontend.js
/mnt/hgfs/ws/ljs_admin/public/assets/js/../libs/require-css/css.min.js
/mnt/hgfs/ws/ljs_admin/public/assets/libs/layer/dist/layer.js
/mnt/hgfs/ws/ljs_admin/public/assets/libs/toastr/toastr.js
/mnt/hgfs/ws/ljs_admin/public/assets/js/fast.js
/mnt/hgfs/ws/ljs_admin/public/assets/js/frontend.js
/mnt/hgfs/ws/ljs_admin/public/assets/js/frontend-init.js


Tracing dependencies for: require-backend

/mnt/hgfs/ws/ljs_admin/public/assets/js/require-backend.min.js
----------------
/mnt/hgfs/ws/ljs_admin/public/assets/libs/jquery/dist/jquery.min.js
/mnt/hgfs/ws/ljs_admin/public/assets/libs/bootstrap/dist/js/bootstrap.min.js
/mnt/hgfs/ws/ljs_admin/public/assets/js/require-backend.js
/mnt/hgfs/ws/ljs_admin/public/assets/js/../libs/require-css/css.min.js
/mnt/hgfs/ws/ljs_admin/public/assets/libs/layer/dist/layer.js
/mnt/hgfs/ws/ljs_admin/public/assets/libs/toastr/toastr.js
/mnt/hgfs/ws/ljs_admin/public/assets/js/fast.js
/mnt/hgfs/ws/ljs_admin/public/assets/js/../libs/moment/moment.js
/mnt/hgfs/ws/ljs_admin/public/assets/js/backend.js
/mnt/hgfs/ws/ljs_admin/public/assets/js/backend-init.js
/mnt/hgfs/ws/ljs_admin/public/assets/js/../libs/moment/locale/zh-cn.js
/mnt/hgfs/ws/ljs_admin/public/assets/libs/bootstrap-table/dist/bootstrap-table.min.js
/mnt/hgfs/ws/ljs_admin/public/assets/libs/bootstrap-table/dist/locale/bootstrap-table-zh-CN.js
/mnt/hgfs/ws/ljs_admin/public/assets/libs/tableExport.jquery.plugin/tableExport.min.js
/mnt/hgfs/ws/ljs_admin/public/assets/libs/bootstrap-table/dist/extensions/export/bootstrap-table-export.min.js
/mnt/hgfs/ws/ljs_admin/public/assets/libs/eonasdan-bootstrap-datetimepicker/build/js/bootstrap-datetimepicker.min.js
/mnt/hgfs/ws/ljs_admin/public/assets/libs/bootstrap-daterangepicker/daterangepicker.js
/mnt/hgfs/ws/ljs_admin/public/assets/js/bootstrap-table-commonsearch.js
/mnt/hgfs/ws/ljs_admin/public/assets/libs/art-template/dist/template-native.js
/mnt/hgfs/ws/ljs_admin/public/assets/js/bootstrap-table-template.js
/mnt/hgfs/ws/ljs_admin/public/assets/js/require-table.js
/mnt/hgfs/ws/ljs_admin/public/assets/js/../libs/plupload/js/moxie.min.js
/mnt/hgfs/ws/ljs_admin/public/assets/libs/plupload/js/plupload.min.js
/mnt/hgfs/ws/ljs_admin/public/assets/js/require-upload.js
/mnt/hgfs/ws/ljs_admin/public/assets/libs/nice-validator/dist/jquery.validator.js
/mnt/hgfs/ws/ljs_admin/public/assets/libs/nice-validator/dist/local/zh-CN.js
/mnt/hgfs/ws/ljs_admin/public/assets/js/require-validator.js
/mnt/hgfs/ws/ljs_admin/public/assets/js/require-form.js
/mnt/hgfs/ws/ljs_admin/public/assets/libs/fastadmin-dragsort/jquery.dragsort.js
/mnt/hgfs/ws/ljs_admin/public/assets/js/jquery.drag.min.js
/mnt/hgfs/ws/ljs_admin/public/assets/js/jquery.drop.min.js
/mnt/hgfs/ws/ljs_admin/public/assets/libs/fastadmin-addtabs/jquery.addtabs.js
/mnt/hgfs/ws/ljs_admin/public/assets/libs/fastadmin-selectpage/selectpage.js


Tracing dependencies for: require-frontend

/mnt/hgfs/ws/ljs_admin/public/assets/js/require-frontend.min.js
----------------
/mnt/hgfs/ws/ljs_admin/public/assets/libs/jquery/dist/jquery.min.js
/mnt/hgfs/ws/ljs_admin/public/assets/libs/bootstrap/dist/js/bootstrap.min.js
/mnt/hgfs/ws/ljs_admin/public/assets/js/require-frontend.js
/mnt/hgfs/ws/ljs_admin/public/assets/js/../libs/require-css/css.min.js
/mnt/hgfs/ws/ljs_admin/public/assets/libs/layer/dist/layer.js
/mnt/hgfs/ws/ljs_admin/public/assets/libs/toastr/toastr.js
/mnt/hgfs/ws/ljs_admin/public/assets/js/fast.js
/mnt/hgfs/ws/ljs_admin/public/assets/libs/art-template/dist/template-native.js
/mnt/hgfs/ws/ljs_admin/public/assets/js/frontend.js
/mnt/hgfs/ws/ljs_admin/public/assets/js/frontend-init.js


/mnt/hgfs/ws/ljs_admin/public/assets/css/frontend.min.css
----------------
/mnt/hgfs/ws/ljs_admin/public/assets/css/../css/bootstrap.min.css
/mnt/hgfs/ws/ljs_admin/public/assets/css/../css/fastadmin.min.css
/mnt/hgfs/ws/ljs_admin/public/assets/css/../css/iconfont.css
/mnt/hgfs/ws/ljs_admin/public/assets/css/../libs/font-awesome/css/font-awesome.min.css
/mnt/hgfs/ws/ljs_admin/public/assets/css/../libs/toastr/toastr.min.css
/mnt/hgfs/ws/ljs_admin/public/assets/css/../libs/layer/dist/theme/default/layer.css
/mnt/hgfs/ws/ljs_admin/public/assets/css/../libs/bootstrap-daterangepicker/daterangepicker.css
/mnt/hgfs/ws/ljs_admin/public/assets/css/../libs/nice-validator/dist/jquery.validator.css
/mnt/hgfs/ws/ljs_admin/public/assets/css/frontend.css


Tracing dependencies for: require-backend

/mnt/hgfs/ws/ljs_admin/public/assets/js/require-backend.min.js
----------------
/mnt/hgfs/ws/ljs_admin/public/assets/libs/jquery/dist/jquery.min.js
/mnt/hgfs/ws/ljs_admin/public/assets/libs/bootstrap/dist/js/bootstrap.min.js
/mnt/hgfs/ws/ljs_admin/public/assets/js/require-backend.js
/mnt/hgfs/ws/ljs_admin/public/assets/js/../libs/require-css/css.min.js
/mnt/hgfs/ws/ljs_admin/public/assets/libs/layer/dist/layer.js
/mnt/hgfs/ws/ljs_admin/public/assets/libs/toastr/toastr.js
/mnt/hgfs/ws/ljs_admin/public/assets/js/fast.js
/mnt/hgfs/ws/ljs_admin/public/assets/libs/art-template/dist/template-native.js
/mnt/hgfs/ws/ljs_admin/public/assets/js/../libs/moment/moment.js
/mnt/hgfs/ws/ljs_admin/public/assets/js/backend.js
/mnt/hgfs/ws/ljs_admin/public/assets/js/backend-init.js
/mnt/hgfs/ws/ljs_admin/public/assets/js/../libs/moment/locale/zh-cn.js
/mnt/hgfs/ws/ljs_admin/public/assets/libs/bootstrap-table/dist/bootstrap-table.min.js
/mnt/hgfs/ws/ljs_admin/public/assets/libs/bootstrap-table/dist/locale/bootstrap-table-zh-CN.js
/mnt/hgfs/ws/ljs_admin/public/assets/libs/tableExport.jquery.plugin/tableExport.min.js
/mnt/hgfs/ws/ljs_admin/public/assets/libs/bootstrap-table/dist/extensions/export/bootstrap-table-export.min.js
/mnt/hgfs/ws/ljs_admin/public/assets/js/../libs/plupload/js/moxie.min.js
/mnt/hgfs/ws/ljs_admin/public/assets/libs/plupload/js/plupload.min.js
/mnt/hgfs/ws/ljs_admin/public/assets/js/require-upload.js
/mnt/hgfs/ws/ljs_admin/public/assets/libs/nice-validator/dist/jquery.validator.js
/mnt/hgfs/ws/ljs_admin/public/assets/libs/nice-validator/dist/local/zh-CN.js
/mnt/hgfs/ws/ljs_admin/public/assets/js/require-validator.js
/mnt/hgfs/ws/ljs_admin/public/assets/js/require-form.js
/mnt/hgfs/ws/ljs_admin/public/assets/js/bootstrap-table-commonsearch.js
/mnt/hgfs/ws/ljs_admin/public/assets/js/bootstrap-table-template.js
/mnt/hgfs/ws/ljs_admin/public/assets/js/require-table.js
/mnt/hgfs/ws/ljs_admin/public/assets/libs/fastadmin-dragsort/jquery.dragsort.js
/mnt/hgfs/ws/ljs_admin/public/assets/js/jquery.drag.min.js
/mnt/hgfs/ws/ljs_admin/public/assets/js/jquery.drop.min.js
/mnt/hgfs/ws/ljs_admin/public/assets/libs/fastadmin-addtabs/jquery.addtabs.js
/mnt/hgfs/ws/ljs_admin/public/assets/libs/fastadmin-selectpage/selectpage.js


/mnt/hgfs/ws/ljs_admin/public/assets/css/backend.min.css
----------------
/mnt/hgfs/ws/ljs_admin/public/assets/css/../css/bootstrap.min.css
/mnt/hgfs/ws/ljs_admin/public/assets/css/../css/fastadmin.min.css
/mnt/hgfs/ws/ljs_admin/public/assets/css/../css/skins/skin-green.css
/mnt/hgfs/ws/ljs_admin/public/assets/css/../css/iconfont.css
/mnt/hgfs/ws/ljs_admin/public/assets/css/../libs/font-awesome/css/font-awesome.min.css
/mnt/hgfs/ws/ljs_admin/public/assets/css/../libs/toastr/toastr.min.css
/mnt/hgfs/ws/ljs_admin/public/assets/css/../libs/layer/dist/theme/default/layer.css
/mnt/hgfs/ws/ljs_admin/public/assets/css/../libs/bootstrap-table/dist/bootstrap-table.min.css
/mnt/hgfs/ws/ljs_admin/public/assets/css/../libs/eonasdan-bootstrap-datetimepicker/build/css/bootstrap-datetimepicker.min.css
/mnt/hgfs/ws/ljs_admin/public/assets/css/../libs/bootstrap-daterangepicker/daterangepicker.css
/mnt/hgfs/ws/ljs_admin/public/assets/css/../libs/nice-validator/dist/jquery.validator.css
/mnt/hgfs/ws/ljs_admin/public/assets/css/../libs/fastadmin-selectpage/selectpage.css
/mnt/hgfs/ws/ljs_admin/public/assets/css/backend.css


Tracing dependencies for: require-backend

/mnt/hgfs/ws/ljs_admin/public/assets/js/require-backend.min.js
----------------
/mnt/hgfs/ws/ljs_admin/public/assets/libs/jquery/dist/jquery.min.js
/mnt/hgfs/ws/ljs_admin/public/assets/libs/bootstrap/dist/js/bootstrap.min.js
/mnt/hgfs/ws/ljs_admin/public/assets/js/require-backend.js
/mnt/hgfs/ws/ljs_admin/public/assets/js/../libs/require-css/css.min.js
/mnt/hgfs/ws/ljs_admin/public/assets/libs/layer/dist/layer.js
/mnt/hgfs/ws/ljs_admin/public/assets/libs/toastr/toastr.js
/mnt/hgfs/ws/ljs_admin/public/assets/js/fast.js
/mnt/hgfs/ws/ljs_admin/public/assets/libs/art-template/dist/template-native.js
/mnt/hgfs/ws/ljs_admin/public/assets/js/../libs/moment/moment.js
/mnt/hgfs/ws/ljs_admin/public/assets/js/backend.js
/mnt/hgfs/ws/ljs_admin/public/assets/js/backend-init.js
/mnt/hgfs/ws/ljs_admin/public/assets/js/../libs/moment/locale/zh-cn.js
/mnt/hgfs/ws/ljs_admin/public/assets/libs/bootstrap-table/dist/bootstrap-table.min.js
/mnt/hgfs/ws/ljs_admin/public/assets/libs/bootstrap-table/dist/locale/bootstrap-table-zh-CN.js
/mnt/hgfs/ws/ljs_admin/public/assets/libs/tableExport.jquery.plugin/tableExport.min.js
/mnt/hgfs/ws/ljs_admin/public/assets/libs/bootstrap-table/dist/extensions/export/bootstrap-table-export.min.js
/mnt/hgfs/ws/ljs_admin/public/assets/js/../libs/plupload/js/moxie.min.js
/mnt/hgfs/ws/ljs_admin/public/assets/libs/plupload/js/plupload.min.js
/mnt/hgfs/ws/ljs_admin/public/assets/js/require-upload.js
/mnt/hgfs/ws/ljs_admin/public/assets/libs/nice-validator/dist/jquery.validator.js
/mnt/hgfs/ws/ljs_admin/public/assets/libs/nice-validator/dist/local/zh-CN.js
/mnt/hgfs/ws/ljs_admin/public/assets/js/require-validator.js
/mnt/hgfs/ws/ljs_admin/public/assets/js/require-form.js
/mnt/hgfs/ws/ljs_admin/public/assets/js/bootstrap-table-commonsearch.js
/mnt/hgfs/ws/ljs_admin/public/assets/js/bootstrap-table-template.js
/mnt/hgfs/ws/ljs_admin/public/assets/js/require-table.js
/mnt/hgfs/ws/ljs_admin/public/assets/libs/fastadmin-dragsort/jquery.dragsort.js
/mnt/hgfs/ws/ljs_admin/public/assets/js/jquery.drag.min.js
/mnt/hgfs/ws/ljs_admin/public/assets/js/jquery.drop.min.js
/mnt/hgfs/ws/ljs_admin/public/assets/libs/fastadmin-addtabs/jquery.addtabs.js
/mnt/hgfs/ws/ljs_admin/public/assets/libs/fastadmin-selectpage/selectpage.js


Tracing dependencies for: require-frontend

/mnt/hgfs/ws/ljs_admin/public/assets/js/require-frontend.min.js
----------------
/mnt/hgfs/ws/ljs_admin/public/assets/libs/jquery/dist/jquery.min.js
/mnt/hgfs/ws/ljs_admin/public/assets/libs/bootstrap/dist/js/bootstrap.min.js
/mnt/hgfs/ws/ljs_admin/public/assets/js/require-frontend.js
/mnt/hgfs/ws/ljs_admin/public/assets/js/../libs/require-css/css.min.js
/mnt/hgfs/ws/ljs_admin/public/assets/libs/layer/dist/layer.js
/mnt/hgfs/ws/ljs_admin/public/assets/libs/toastr/toastr.js
/mnt/hgfs/ws/ljs_admin/public/assets/js/fast.js
/mnt/hgfs/ws/ljs_admin/public/assets/libs/art-template/dist/template-native.js
/mnt/hgfs/ws/ljs_admin/public/assets/js/frontend.js
/mnt/hgfs/ws/ljs_admin/public/assets/js/frontend-init.js


Tracing dependencies for: require-backend

/mnt/hgfs/ws/ljs_admin/public/assets/js/require-backend.min.js
----------------
/mnt/hgfs/ws/ljs_admin/public/assets/libs/jquery/dist/jquery.min.js
/mnt/hgfs/ws/ljs_admin/public/assets/libs/bootstrap/dist/js/bootstrap.min.js
/mnt/hgfs/ws/ljs_admin/public/assets/js/require-backend.js
/mnt/hgfs/ws/ljs_admin/public/assets/js/../libs/require-css/css.min.js
/mnt/hgfs/ws/ljs_admin/public/assets/libs/layer/dist/layer.js
/mnt/hgfs/ws/ljs_admin/public/assets/libs/toastr/toastr.js
/mnt/hgfs/ws/ljs_admin/public/assets/js/fast.js
/mnt/hgfs/ws/ljs_admin/public/assets/libs/art-template/dist/template-native.js
/mnt/hgfs/ws/ljs_admin/public/assets/js/../libs/moment/moment.js
/mnt/hgfs/ws/ljs_admin/public/assets/js/backend.js
/mnt/hgfs/ws/ljs_admin/public/assets/js/backend-init.js
/mnt/hgfs/ws/ljs_admin/public/assets/js/../libs/moment/locale/zh-cn.js
/mnt/hgfs/ws/ljs_admin/public/assets/libs/bootstrap-table/dist/bootstrap-table.min.js
/mnt/hgfs/ws/ljs_admin/public/assets/libs/bootstrap-table/dist/locale/bootstrap-table-zh-CN.js
/mnt/hgfs/ws/ljs_admin/public/assets/libs/tableExport.jquery.plugin/tableExport.min.js
/mnt/hgfs/ws/ljs_admin/public/assets/libs/bootstrap-table/dist/extensions/export/bootstrap-table-export.min.js
/mnt/hgfs/ws/ljs_admin/public/assets/js/../libs/plupload/js/moxie.min.js
/mnt/hgfs/ws/ljs_admin/public/assets/libs/plupload/js/plupload.min.js
/mnt/hgfs/ws/ljs_admin/public/assets/js/require-upload.js
/mnt/hgfs/ws/ljs_admin/public/assets/libs/nice-validator/dist/jquery.validator.js
/mnt/hgfs/ws/ljs_admin/public/assets/libs/nice-validator/dist/local/zh-CN.js
/mnt/hgfs/ws/ljs_admin/public/assets/js/require-validator.js
/mnt/hgfs/ws/ljs_admin/public/assets/js/require-form.js
/mnt/hgfs/ws/ljs_admin/public/assets/js/bootstrap-table-commonsearch.js
/mnt/hgfs/ws/ljs_admin/public/assets/js/bootstrap-table-template.js
/mnt/hgfs/ws/ljs_admin/public/assets/js/require-table.js
/mnt/hgfs/ws/ljs_admin/public/assets/libs/fastadmin-dragsort/jquery.dragsort.js
/mnt/hgfs/ws/ljs_admin/public/assets/js/jquery.drag.min.js
/mnt/hgfs/ws/ljs_admin/public/assets/js/jquery.drop.min.js
/mnt/hgfs/ws/ljs_admin/public/assets/libs/fastadmin-addtabs/jquery.addtabs.js
/mnt/hgfs/ws/ljs_admin/public/assets/libs/fastadmin-selectpage/selectpage.js


Tracing dependencies for: require-frontend

/mnt/hgfs/ws/ljs_admin/public/assets/js/require-frontend.min.js
----------------
/mnt/hgfs/ws/ljs_admin/public/assets/libs/jquery/dist/jquery.min.js
/mnt/hgfs/ws/ljs_admin/public/assets/libs/bootstrap/dist/js/bootstrap.min.js
/mnt/hgfs/ws/ljs_admin/public/assets/js/require-frontend.js
/mnt/hgfs/ws/ljs_admin/public/assets/js/../libs/require-css/css.min.js
/mnt/hgfs/ws/ljs_admin/public/assets/libs/layer/dist/layer.js
/mnt/hgfs/ws/ljs_admin/public/assets/libs/toastr/toastr.js
/mnt/hgfs/ws/ljs_admin/public/assets/js/fast.js
/mnt/hgfs/ws/ljs_admin/public/assets/libs/art-template/dist/template-native.js
/mnt/hgfs/ws/ljs_admin/public/assets/js/frontend.js
/mnt/hgfs/ws/ljs_admin/public/assets/js/frontend-init.js


Tracing dependencies for: require-backend

/mnt/hgfs/ws/ljs_admin/public/assets/js/require-backend.min.js
----------------
/mnt/hgfs/ws/ljs_admin/public/assets/libs/jquery/dist/jquery.min.js
/mnt/hgfs/ws/ljs_admin/public/assets/libs/bootstrap/dist/js/bootstrap.min.js
/mnt/hgfs/ws/ljs_admin/public/assets/js/require-backend.js
/mnt/hgfs/ws/ljs_admin/public/assets/js/../libs/require-css/css.min.js
/mnt/hgfs/ws/ljs_admin/public/assets/libs/layer/dist/layer.js
/mnt/hgfs/ws/ljs_admin/public/assets/libs/toastr/toastr.js
/mnt/hgfs/ws/ljs_admin/public/assets/js/fast.js
/mnt/hgfs/ws/ljs_admin/public/assets/libs/art-template/dist/template-native.js
/mnt/hgfs/ws/ljs_admin/public/assets/js/../libs/moment/moment.js
/mnt/hgfs/ws/ljs_admin/public/assets/js/backend.js
/mnt/hgfs/ws/ljs_admin/public/assets/js/backend-init.js
/mnt/hgfs/ws/ljs_admin/public/assets/js/../libs/moment/locale/zh-cn.js
/mnt/hgfs/ws/ljs_admin/public/assets/libs/bootstrap-table/dist/bootstrap-table.min.js
/mnt/hgfs/ws/ljs_admin/public/assets/libs/bootstrap-table/dist/locale/bootstrap-table-zh-CN.js
/mnt/hgfs/ws/ljs_admin/public/assets/libs/tableExport.jquery.plugin/tableExport.min.js
/mnt/hgfs/ws/ljs_admin/public/assets/libs/bootstrap-table/dist/extensions/export/bootstrap-table-export.min.js
/mnt/hgfs/ws/ljs_admin/public/assets/js/../libs/plupload/js/moxie.min.js
/mnt/hgfs/ws/ljs_admin/public/assets/libs/plupload/js/plupload.min.js
/mnt/hgfs/ws/ljs_admin/public/assets/js/require-upload.js
/mnt/hgfs/ws/ljs_admin/public/assets/libs/nice-validator/dist/jquery.validator.js
/mnt/hgfs/ws/ljs_admin/public/assets/libs/nice-validator/dist/local/zh-CN.js
/mnt/hgfs/ws/ljs_admin/public/assets/js/require-validator.js
/mnt/hgfs/ws/ljs_admin/public/assets/js/require-form.js
/mnt/hgfs/ws/ljs_admin/public/assets/js/bootstrap-table-commonsearch.js
/mnt/hgfs/ws/ljs_admin/public/assets/js/bootstrap-table-template.js
/mnt/hgfs/ws/ljs_admin/public/assets/js/require-table.js
/mnt/hgfs/ws/ljs_admin/public/assets/libs/fastadmin-dragsort/jquery.dragsort.js
/mnt/hgfs/ws/ljs_admin/public/assets/js/jquery.drag.min.js
/mnt/hgfs/ws/ljs_admin/public/assets/js/jquery.drop.min.js
/mnt/hgfs/ws/ljs_admin/public/assets/libs/fastadmin-addtabs/jquery.addtabs.js
/mnt/hgfs/ws/ljs_admin/public/assets/libs/fastadmin-selectpage/selectpage.js


Tracing dependencies for: require-frontend

/mnt/hgfs/ws/ljs_admin/public/assets/js/require-frontend.min.js
----------------
/mnt/hgfs/ws/ljs_admin/public/assets/libs/jquery/dist/jquery.min.js
/mnt/hgfs/ws/ljs_admin/public/assets/libs/bootstrap/dist/js/bootstrap.min.js
/mnt/hgfs/ws/ljs_admin/public/assets/js/require-frontend.js
/mnt/hgfs/ws/ljs_admin/public/assets/js/../libs/require-css/css.min.js
/mnt/hgfs/ws/ljs_admin/public/assets/libs/layer/dist/layer.js
/mnt/hgfs/ws/ljs_admin/public/assets/libs/toastr/toastr.js
/mnt/hgfs/ws/ljs_admin/public/assets/js/fast.js
/mnt/hgfs/ws/ljs_admin/public/assets/libs/art-template/dist/template-native.js
/mnt/hgfs/ws/ljs_admin/public/assets/js/frontend.js
/mnt/hgfs/ws/ljs_admin/public/assets/js/frontend-init.js


/mnt/hgfs/ws/ljs_admin/public/assets/css/frontend.min.css
----------------
/mnt/hgfs/ws/ljs_admin/public/assets/css/../css/bootstrap.min.css
/mnt/hgfs/ws/ljs_admin/public/assets/css/../css/fastadmin.min.css
/mnt/hgfs/ws/ljs_admin/public/assets/css/../css/iconfont.css
/mnt/hgfs/ws/ljs_admin/public/assets/css/../libs/font-awesome/css/font-awesome.min.css
/mnt/hgfs/ws/ljs_admin/public/assets/css/../libs/toastr/toastr.min.css
/mnt/hgfs/ws/ljs_admin/public/assets/css/../libs/layer/dist/theme/default/layer.css
/mnt/hgfs/ws/ljs_admin/public/assets/css/../libs/bootstrap-daterangepicker/daterangepicker.css
/mnt/hgfs/ws/ljs_admin/public/assets/css/../libs/nice-validator/dist/jquery.validator.css
/mnt/hgfs/ws/ljs_admin/public/assets/css/frontend.css


Tracing dependencies for: require-backend

/mnt/hgfs/ws/ljs_admin/public/assets/js/require-backend.min.js
----------------
/mnt/hgfs/ws/ljs_admin/public/assets/libs/jquery/dist/jquery.min.js
/mnt/hgfs/ws/ljs_admin/public/assets/libs/bootstrap/dist/js/bootstrap.min.js
/mnt/hgfs/ws/ljs_admin/public/assets/js/require-backend.js
/mnt/hgfs/ws/ljs_admin/public/assets/js/../libs/require-css/css.min.js
/mnt/hgfs/ws/ljs_admin/public/assets/libs/layer/dist/layer.js
/mnt/hgfs/ws/ljs_admin/public/assets/libs/toastr/toastr.js
/mnt/hgfs/ws/ljs_admin/public/assets/js/fast.js
/mnt/hgfs/ws/ljs_admin/public/assets/libs/art-template/dist/template-native.js
/mnt/hgfs/ws/ljs_admin/public/assets/js/../libs/moment/moment.js
/mnt/hgfs/ws/ljs_admin/public/assets/js/backend.js
/mnt/hgfs/ws/ljs_admin/public/assets/js/backend-init.js
/mnt/hgfs/ws/ljs_admin/public/assets/js/../libs/moment/locale/zh-cn.js
/mnt/hgfs/ws/ljs_admin/public/assets/libs/bootstrap-table/dist/bootstrap-table.min.js
/mnt/hgfs/ws/ljs_admin/public/assets/libs/bootstrap-table/dist/locale/bootstrap-table-zh-CN.js
/mnt/hgfs/ws/ljs_admin/public/assets/libs/tableExport.jquery.plugin/tableExport.min.js
/mnt/hgfs/ws/ljs_admin/public/assets/libs/bootstrap-table/dist/extensions/export/bootstrap-table-export.min.js
/mnt/hgfs/ws/ljs_admin/public/assets/js/../libs/plupload/js/moxie.min.js
/mnt/hgfs/ws/ljs_admin/public/assets/libs/plupload/js/plupload.min.js
/mnt/hgfs/ws/ljs_admin/public/assets/js/require-upload.js
/mnt/hgfs/ws/ljs_admin/public/assets/libs/nice-validator/dist/jquery.validator.js
/mnt/hgfs/ws/ljs_admin/public/assets/libs/nice-validator/dist/local/zh-CN.js
/mnt/hgfs/ws/ljs_admin/public/assets/js/require-validator.js
/mnt/hgfs/ws/ljs_admin/public/assets/js/require-form.js
/mnt/hgfs/ws/ljs_admin/public/assets/js/bootstrap-table-commonsearch.js
/mnt/hgfs/ws/ljs_admin/public/assets/js/bootstrap-table-template.js
/mnt/hgfs/ws/ljs_admin/public/assets/js/require-table.js
/mnt/hgfs/ws/ljs_admin/public/assets/libs/fastadmin-dragsort/jquery.dragsort.js
/mnt/hgfs/ws/ljs_admin/public/assets/js/jquery.drag.min.js
/mnt/hgfs/ws/ljs_admin/public/assets/js/jquery.drop.min.js
/mnt/hgfs/ws/ljs_admin/public/assets/libs/fastadmin-addtabs/jquery.addtabs.js
/mnt/hgfs/ws/ljs_admin/public/assets/libs/fastadmin-selectpage/selectpage.js


/mnt/hgfs/ws/ljs_admin/public/assets/css/backend.min.css
----------------
/mnt/hgfs/ws/ljs_admin/public/assets/css/../css/bootstrap.min.css
/mnt/hgfs/ws/ljs_admin/public/assets/css/../css/fastadmin.min.css
/mnt/hgfs/ws/ljs_admin/public/assets/css/../css/skins/skin-green.css
/mnt/hgfs/ws/ljs_admin/public/assets/css/../css/iconfont.css
/mnt/hgfs/ws/ljs_admin/public/assets/css/../libs/font-awesome/css/font-awesome.min.css
/mnt/hgfs/ws/ljs_admin/public/assets/css/../libs/toastr/toastr.min.css
/mnt/hgfs/ws/ljs_admin/public/assets/css/../libs/layer/dist/theme/default/layer.css
/mnt/hgfs/ws/ljs_admin/public/assets/css/../libs/bootstrap-table/dist/bootstrap-table.min.css
/mnt/hgfs/ws/ljs_admin/public/assets/css/../libs/eonasdan-bootstrap-datetimepicker/build/css/bootstrap-datetimepicker.min.css
/mnt/hgfs/ws/ljs_admin/public/assets/css/../libs/bootstrap-daterangepicker/daterangepicker.css
/mnt/hgfs/ws/ljs_admin/public/assets/css/../libs/nice-validator/dist/jquery.validator.css
/mnt/hgfs/ws/ljs_admin/public/assets/css/../libs/fastadmin-selectpage/selectpage.css
/mnt/hgfs/ws/ljs_admin/public/assets/css/backend.css


Tracing dependencies for: require-frontend

/mnt/hgfs/ws/ljs_admin/public/assets/js/require-frontend.min.js
----------------
/mnt/hgfs/ws/ljs_admin/public/assets/libs/jquery/dist/jquery.min.js
/mnt/hgfs/ws/ljs_admin/public/assets/libs/bootstrap/dist/js/bootstrap.min.js
/mnt/hgfs/ws/ljs_admin/public/assets/js/require-frontend.js
/mnt/hgfs/ws/ljs_admin/public/assets/js/../libs/require-css/css.min.js
/mnt/hgfs/ws/ljs_admin/public/assets/libs/layer/dist/layer.js
/mnt/hgfs/ws/ljs_admin/public/assets/libs/toastr/toastr.js
/mnt/hgfs/ws/ljs_admin/public/assets/js/fast.js
/mnt/hgfs/ws/ljs_admin/public/assets/libs/art-template/dist/template-native.js
/mnt/hgfs/ws/ljs_admin/public/assets/js/frontend.js
/mnt/hgfs/ws/ljs_admin/public/assets/js/frontend-init.js


/mnt/hgfs/ws/ljs_admin/public/assets/css/frontend.min.css
----------------
/mnt/hgfs/ws/ljs_admin/public/assets/css/../css/bootstrap.min.css
/mnt/hgfs/ws/ljs_admin/public/assets/css/../css/fastadmin.min.css
/mnt/hgfs/ws/ljs_admin/public/assets/css/../css/iconfont.css
/mnt/hgfs/ws/ljs_admin/public/assets/css/../libs/font-awesome/css/font-awesome.min.css
/mnt/hgfs/ws/ljs_admin/public/assets/css/../libs/toastr/toastr.min.css
/mnt/hgfs/ws/ljs_admin/public/assets/css/../libs/layer/dist/theme/default/layer.css
/mnt/hgfs/ws/ljs_admin/public/assets/css/../libs/bootstrap-daterangepicker/daterangepicker.css
/mnt/hgfs/ws/ljs_admin/public/assets/css/../libs/nice-validator/dist/jquery.validator.css
/mnt/hgfs/ws/ljs_admin/public/assets/css/frontend.css


Tracing dependencies for: require-backend

/mnt/hgfs/ws/ljs_admin/public/assets/js/require-backend.min.js
----------------
/mnt/hgfs/ws/ljs_admin/public/assets/libs/jquery/dist/jquery.min.js
/mnt/hgfs/ws/ljs_admin/public/assets/libs/bootstrap/dist/js/bootstrap.min.js
/mnt/hgfs/ws/ljs_admin/public/assets/js/require-backend.js
/mnt/hgfs/ws/ljs_admin/public/assets/js/../libs/require-css/css.min.js
/mnt/hgfs/ws/ljs_admin/public/assets/libs/layer/dist/layer.js
/mnt/hgfs/ws/ljs_admin/public/assets/libs/toastr/toastr.js
/mnt/hgfs/ws/ljs_admin/public/assets/js/fast.js
/mnt/hgfs/ws/ljs_admin/public/assets/libs/art-template/dist/template-native.js
/mnt/hgfs/ws/ljs_admin/public/assets/js/../libs/moment/moment.js
/mnt/hgfs/ws/ljs_admin/public/assets/js/backend.js
/mnt/hgfs/ws/ljs_admin/public/assets/js/backend-init.js
/mnt/hgfs/ws/ljs_admin/public/assets/js/../libs/moment/locale/zh-cn.js
/mnt/hgfs/ws/ljs_admin/public/assets/libs/bootstrap-table/dist/bootstrap-table.min.js
/mnt/hgfs/ws/ljs_admin/public/assets/libs/bootstrap-table/dist/locale/bootstrap-table-zh-CN.js
/mnt/hgfs/ws/ljs_admin/public/assets/libs/tableExport.jquery.plugin/tableExport.min.js
/mnt/hgfs/ws/ljs_admin/public/assets/libs/bootstrap-table/dist/extensions/export/bootstrap-table-export.min.js
/mnt/hgfs/ws/ljs_admin/public/assets/js/../libs/plupload/js/moxie.min.js
/mnt/hgfs/ws/ljs_admin/public/assets/libs/plupload/js/plupload.min.js
/mnt/hgfs/ws/ljs_admin/public/assets/js/require-upload.js
/mnt/hgfs/ws/ljs_admin/public/assets/libs/nice-validator/dist/jquery.validator.js
/mnt/hgfs/ws/ljs_admin/public/assets/libs/nice-validator/dist/local/zh-CN.js
/mnt/hgfs/ws/ljs_admin/public/assets/js/require-validator.js
/mnt/hgfs/ws/ljs_admin/public/assets/js/require-form.js
/mnt/hgfs/ws/ljs_admin/public/assets/js/bootstrap-table-commonsearch.js
/mnt/hgfs/ws/ljs_admin/public/assets/js/bootstrap-table-template.js
/mnt/hgfs/ws/ljs_admin/public/assets/js/require-table.js
/mnt/hgfs/ws/ljs_admin/public/assets/libs/fastadmin-dragsort/jquery.dragsort.js
/mnt/hgfs/ws/ljs_admin/public/assets/js/jquery.drag.min.js
/mnt/hgfs/ws/ljs_admin/public/assets/js/jquery.drop.min.js
/mnt/hgfs/ws/ljs_admin/public/assets/libs/fastadmin-addtabs/jquery.addtabs.js
/mnt/hgfs/ws/ljs_admin/public/assets/libs/fastadmin-selectpage/selectpage.js


/mnt/hgfs/ws/ljs_admin/public/assets/css/backend.min.css
----------------
/mnt/hgfs/ws/ljs_admin/public/assets/css/../css/bootstrap.min.css
/mnt/hgfs/ws/ljs_admin/public/assets/css/../css/fastadmin.min.css
/mnt/hgfs/ws/ljs_admin/public/assets/css/../css/skins/skin-green.css
/mnt/hgfs/ws/ljs_admin/public/assets/css/../css/iconfont.css
/mnt/hgfs/ws/ljs_admin/public/assets/css/../libs/font-awesome/css/font-awesome.min.css
/mnt/hgfs/ws/ljs_admin/public/assets/css/../libs/toastr/toastr.min.css
/mnt/hgfs/ws/ljs_admin/public/assets/css/../libs/layer/dist/theme/default/layer.css
/mnt/hgfs/ws/ljs_admin/public/assets/css/../libs/bootstrap-table/dist/bootstrap-table.min.css
/mnt/hgfs/ws/ljs_admin/public/assets/css/../libs/eonasdan-bootstrap-datetimepicker/build/css/bootstrap-datetimepicker.min.css
/mnt/hgfs/ws/ljs_admin/public/assets/css/../libs/bootstrap-daterangepicker/daterangepicker.css
/mnt/hgfs/ws/ljs_admin/public/assets/css/../libs/nice-validator/dist/jquery.validator.css
/mnt/hgfs/ws/ljs_admin/public/assets/css/../libs/bootstrap-select/dist/css/bootstrap-select.min.css
/mnt/hgfs/ws/ljs_admin/public/assets/css/../libs/fastadmin-selectpage/selectpage.css
/mnt/hgfs/ws/ljs_admin/public/assets/css/backend.css


Tracing dependencies for: require-frontend

/mnt/hgfs/ws/ljs_admin/public/assets/js/require-frontend.min.js
----------------
/mnt/hgfs/ws/ljs_admin/public/assets/libs/jquery/dist/jquery.min.js
/mnt/hgfs/ws/ljs_admin/public/assets/libs/bootstrap/dist/js/bootstrap.min.js
/mnt/hgfs/ws/ljs_admin/public/assets/js/require-frontend.js
/mnt/hgfs/ws/ljs_admin/public/assets/js/../libs/require-css/css.min.js
/mnt/hgfs/ws/ljs_admin/public/assets/libs/layer/dist/layer.js
/mnt/hgfs/ws/ljs_admin/public/assets/libs/toastr/toastr.js
/mnt/hgfs/ws/ljs_admin/public/assets/js/fast.js
/mnt/hgfs/ws/ljs_admin/public/assets/libs/art-template/dist/template-native.js
/mnt/hgfs/ws/ljs_admin/public/assets/js/frontend.js
/mnt/hgfs/ws/ljs_admin/public/assets/js/frontend-init.js


Tracing dependencies for: require-backend

/mnt/hgfs/ws/ljs_admin/public/assets/js/require-backend.min.js
----------------
/mnt/hgfs/ws/ljs_admin/public/assets/libs/jquery/dist/jquery.min.js
/mnt/hgfs/ws/ljs_admin/public/assets/libs/bootstrap/dist/js/bootstrap.min.js
/mnt/hgfs/ws/ljs_admin/public/assets/js/require-backend.js
/mnt/hgfs/ws/ljs_admin/public/assets/js/../libs/require-css/css.min.js
/mnt/hgfs/ws/ljs_admin/public/assets/libs/layer/dist/layer.js
/mnt/hgfs/ws/ljs_admin/public/assets/libs/toastr/toastr.js
/mnt/hgfs/ws/ljs_admin/public/assets/js/fast.js
/mnt/hgfs/ws/ljs_admin/public/assets/libs/art-template/dist/template-native.js
/mnt/hgfs/ws/ljs_admin/public/assets/js/../libs/moment/moment.js
/mnt/hgfs/ws/ljs_admin/public/assets/js/backend.js
/mnt/hgfs/ws/ljs_admin/public/assets/js/backend-init.js
/mnt/hgfs/ws/ljs_admin/public/assets/js/../libs/moment/locale/zh-cn.js
/mnt/hgfs/ws/ljs_admin/public/assets/libs/bootstrap-table/dist/bootstrap-table.min.js
/mnt/hgfs/ws/ljs_admin/public/assets/libs/bootstrap-table/dist/locale/bootstrap-table-zh-CN.js
/mnt/hgfs/ws/ljs_admin/public/assets/libs/tableExport.jquery.plugin/tableExport.min.js
/mnt/hgfs/ws/ljs_admin/public/assets/libs/bootstrap-table/dist/extensions/export/bootstrap-table-export.min.js
/mnt/hgfs/ws/ljs_admin/public/assets/js/../libs/plupload/js/moxie.min.js
/mnt/hgfs/ws/ljs_admin/public/assets/libs/plupload/js/plupload.min.js
/mnt/hgfs/ws/ljs_admin/public/assets/js/require-upload.js
/mnt/hgfs/ws/ljs_admin/public/assets/libs/nice-validator/dist/jquery.validator.js
/mnt/hgfs/ws/ljs_admin/public/assets/libs/nice-validator/dist/local/zh-CN.js
/mnt/hgfs/ws/ljs_admin/public/assets/js/require-validator.js
/mnt/hgfs/ws/ljs_admin/public/assets/js/require-form.js
/mnt/hgfs/ws/ljs_admin/public/assets/js/bootstrap-table-commonsearch.js
/mnt/hgfs/ws/ljs_admin/public/assets/js/bootstrap-table-template.js
/mnt/hgfs/ws/ljs_admin/public/assets/js/require-table.js
/mnt/hgfs/ws/ljs_admin/public/assets/libs/fastadmin-dragsort/jquery.dragsort.js
/mnt/hgfs/ws/ljs_admin/public/assets/js/jquery.drag.min.js
/mnt/hgfs/ws/ljs_admin/public/assets/js/jquery.drop.min.js
/mnt/hgfs/ws/ljs_admin/public/assets/libs/fastadmin-addtabs/jquery.addtabs.js
/mnt/hgfs/ws/ljs_admin/public/assets/libs/fastadmin-selectpage/selectpage.js


Tracing dependencies for: require-backend

/mnt/hgfs/ws/ljs_admin/public/assets/js/require-backend.min.js
----------------
/mnt/hgfs/ws/ljs_admin/public/assets/libs/jquery/dist/jquery.min.js
/mnt/hgfs/ws/ljs_admin/public/assets/libs/bootstrap/dist/js/bootstrap.min.js
/mnt/hgfs/ws/ljs_admin/public/assets/js/require-backend.js
/mnt/hgfs/ws/ljs_admin/public/assets/js/../libs/require-css/css.min.js
/mnt/hgfs/ws/ljs_admin/public/assets/libs/layer/dist/layer.js
/mnt/hgfs/ws/ljs_admin/public/assets/libs/toastr/toastr.js
/mnt/hgfs/ws/ljs_admin/public/assets/js/fast.js
/mnt/hgfs/ws/ljs_admin/public/assets/libs/art-template/dist/template-native.js
/mnt/hgfs/ws/ljs_admin/public/assets/js/../libs/moment/moment.js
/mnt/hgfs/ws/ljs_admin/public/assets/js/backend.js
/mnt/hgfs/ws/ljs_admin/public/assets/js/backend-init.js
/mnt/hgfs/ws/ljs_admin/public/assets/js/../libs/moment/locale/zh-cn.js
/mnt/hgfs/ws/ljs_admin/public/assets/libs/bootstrap-table/dist/bootstrap-table.min.js
/mnt/hgfs/ws/ljs_admin/public/assets/libs/bootstrap-table/dist/locale/bootstrap-table-zh-CN.js
/mnt/hgfs/ws/ljs_admin/public/assets/libs/tableExport.jquery.plugin/tableExport.min.js
/mnt/hgfs/ws/ljs_admin/public/assets/libs/bootstrap-table/dist/extensions/export/bootstrap-table-export.min.js
/mnt/hgfs/ws/ljs_admin/public/assets/js/../libs/plupload/js/moxie.min.js
/mnt/hgfs/ws/ljs_admin/public/assets/libs/plupload/js/plupload.min.js
/mnt/hgfs/ws/ljs_admin/public/assets/js/require-upload.js
/mnt/hgfs/ws/ljs_admin/public/assets/libs/nice-validator/dist/jquery.validator.js
/mnt/hgfs/ws/ljs_admin/public/assets/libs/nice-validator/dist/local/zh-CN.js
/mnt/hgfs/ws/ljs_admin/public/assets/js/require-validator.js
/mnt/hgfs/ws/ljs_admin/public/assets/js/require-form.js
/mnt/hgfs/ws/ljs_admin/public/assets/js/bootstrap-table-commonsearch.js
/mnt/hgfs/ws/ljs_admin/public/assets/js/bootstrap-table-template.js
/mnt/hgfs/ws/ljs_admin/public/assets/js/require-table.js
/mnt/hgfs/ws/ljs_admin/public/assets/libs/fastadmin-dragsort/jquery.dragsort.js
/mnt/hgfs/ws/ljs_admin/public/assets/js/jquery.drag.min.js
/mnt/hgfs/ws/ljs_admin/public/assets/js/jquery.drop.min.js
/mnt/hgfs/ws/ljs_admin/public/assets/libs/fastadmin-addtabs/jquery.addtabs.js
/mnt/hgfs/ws/ljs_admin/public/assets/libs/fastadmin-selectpage/selectpage.js


Tracing dependencies for: require-frontend

/mnt/hgfs/ws/ljs_admin/public/assets/js/require-frontend.min.js
----------------
/mnt/hgfs/ws/ljs_admin/public/assets/libs/jquery/dist/jquery.min.js
/mnt/hgfs/ws/ljs_admin/public/assets/libs/bootstrap/dist/js/bootstrap.min.js
/mnt/hgfs/ws/ljs_admin/public/assets/js/require-frontend.js
/mnt/hgfs/ws/ljs_admin/public/assets/js/../libs/require-css/css.min.js
/mnt/hgfs/ws/ljs_admin/public/assets/libs/layer/dist/layer.js
/mnt/hgfs/ws/ljs_admin/public/assets/libs/toastr/toastr.js
/mnt/hgfs/ws/ljs_admin/public/assets/js/fast.js
/mnt/hgfs/ws/ljs_admin/public/assets/libs/art-template/dist/template-native.js
/mnt/hgfs/ws/ljs_admin/public/assets/js/frontend.js
/mnt/hgfs/ws/ljs_admin/public/assets/js/frontend-init.js


/mnt/hgfs/ws/ljs_admin/public/assets/css/frontend.min.css
----------------
/mnt/hgfs/ws/ljs_admin/public/assets/css/../css/bootstrap.min.css
/mnt/hgfs/ws/ljs_admin/public/assets/css/../css/fastadmin.min.css
/mnt/hgfs/ws/ljs_admin/public/assets/css/../css/iconfont.css
/mnt/hgfs/ws/ljs_admin/public/assets/css/../libs/font-awesome/css/font-awesome.min.css
/mnt/hgfs/ws/ljs_admin/public/assets/css/../libs/toastr/toastr.min.css
/mnt/hgfs/ws/ljs_admin/public/assets/css/../libs/layer/dist/theme/default/layer.css
/mnt/hgfs/ws/ljs_admin/public/assets/css/../libs/bootstrap-daterangepicker/daterangepicker.css
/mnt/hgfs/ws/ljs_admin/public/assets/css/../libs/nice-validator/dist/jquery.validator.css
/mnt/hgfs/ws/ljs_admin/public/assets/css/frontend.css


Tracing dependencies for: require-backend

/mnt/hgfs/ws/ljs_admin/public/assets/js/require-backend.min.js
----------------
/mnt/hgfs/ws/ljs_admin/public/assets/libs/jquery/dist/jquery.min.js
/mnt/hgfs/ws/ljs_admin/public/assets/libs/bootstrap/dist/js/bootstrap.min.js
/mnt/hgfs/ws/ljs_admin/public/assets/js/require-backend.js
/mnt/hgfs/ws/ljs_admin/public/assets/js/../libs/require-css/css.min.js
/mnt/hgfs/ws/ljs_admin/public/assets/libs/layer/dist/layer.js
/mnt/hgfs/ws/ljs_admin/public/assets/libs/toastr/toastr.js
/mnt/hgfs/ws/ljs_admin/public/assets/js/fast.js
/mnt/hgfs/ws/ljs_admin/public/assets/libs/art-template/dist/template-native.js
/mnt/hgfs/ws/ljs_admin/public/assets/js/../libs/moment/moment.js
/mnt/hgfs/ws/ljs_admin/public/assets/js/backend.js
/mnt/hgfs/ws/ljs_admin/public/assets/js/backend-init.js
/mnt/hgfs/ws/ljs_admin/public/assets/js/../libs/moment/locale/zh-cn.js
/mnt/hgfs/ws/ljs_admin/public/assets/libs/bootstrap-table/dist/bootstrap-table.min.js
/mnt/hgfs/ws/ljs_admin/public/assets/libs/bootstrap-table/dist/locale/bootstrap-table-zh-CN.js
/mnt/hgfs/ws/ljs_admin/public/assets/libs/tableExport.jquery.plugin/tableExport.min.js
/mnt/hgfs/ws/ljs_admin/public/assets/libs/bootstrap-table/dist/extensions/export/bootstrap-table-export.min.js
/mnt/hgfs/ws/ljs_admin/public/assets/js/../libs/plupload/js/moxie.min.js
/mnt/hgfs/ws/ljs_admin/public/assets/libs/plupload/js/plupload.min.js
/mnt/hgfs/ws/ljs_admin/public/assets/js/require-upload.js
/mnt/hgfs/ws/ljs_admin/public/assets/libs/nice-validator/dist/jquery.validator.js
/mnt/hgfs/ws/ljs_admin/public/assets/libs/nice-validator/dist/local/zh-CN.js
/mnt/hgfs/ws/ljs_admin/public/assets/js/require-validator.js
/mnt/hgfs/ws/ljs_admin/public/assets/js/require-form.js
/mnt/hgfs/ws/ljs_admin/public/assets/js/bootstrap-table-commonsearch.js
/mnt/hgfs/ws/ljs_admin/public/assets/js/bootstrap-table-template.js
/mnt/hgfs/ws/ljs_admin/public/assets/js/require-table.js
/mnt/hgfs/ws/ljs_admin/public/assets/libs/fastadmin-dragsort/jquery.dragsort.js
/mnt/hgfs/ws/ljs_admin/public/assets/js/jquery.drag.min.js
/mnt/hgfs/ws/ljs_admin/public/assets/js/jquery.drop.min.js
/mnt/hgfs/ws/ljs_admin/public/assets/libs/fastadmin-addtabs/jquery.addtabs.js
/mnt/hgfs/ws/ljs_admin/public/assets/libs/fastadmin-selectpage/selectpage.js


/mnt/hgfs/ws/ljs_admin/public/assets/css/backend.min.css
----------------
/mnt/hgfs/ws/ljs_admin/public/assets/css/../css/bootstrap.min.css
/mnt/hgfs/ws/ljs_admin/public/assets/css/../css/fastadmin.min.css
/mnt/hgfs/ws/ljs_admin/public/assets/css/../css/skins/skin-green.css
/mnt/hgfs/ws/ljs_admin/public/assets/css/../css/iconfont.css
/mnt/hgfs/ws/ljs_admin/public/assets/css/../libs/font-awesome/css/font-awesome.min.css
/mnt/hgfs/ws/ljs_admin/public/assets/css/../libs/toastr/toastr.min.css
/mnt/hgfs/ws/ljs_admin/public/assets/css/../libs/layer/dist/theme/default/layer.css
/mnt/hgfs/ws/ljs_admin/public/assets/css/../libs/bootstrap-table/dist/bootstrap-table.min.css
/mnt/hgfs/ws/ljs_admin/public/assets/css/../libs/eonasdan-bootstrap-datetimepicker/build/css/bootstrap-datetimepicker.min.css
/mnt/hgfs/ws/ljs_admin/public/assets/css/../libs/bootstrap-daterangepicker/daterangepicker.css
/mnt/hgfs/ws/ljs_admin/public/assets/css/../libs/nice-validator/dist/jquery.validator.css
/mnt/hgfs/ws/ljs_admin/public/assets/css/../libs/bootstrap-select/dist/css/bootstrap-select.min.css
/mnt/hgfs/ws/ljs_admin/public/assets/css/../libs/fastadmin-selectpage/selectpage.css
/mnt/hgfs/ws/ljs_admin/public/assets/css/backend.css


Tracing dependencies for: require-frontend

/mnt/hgfs/ws/ljs_admin/public/assets/js/require-frontend.min.js
----------------
/mnt/hgfs/ws/ljs_admin/public/assets/libs/jquery/dist/jquery.min.js
/mnt/hgfs/ws/ljs_admin/public/assets/libs/bootstrap/dist/js/bootstrap.min.js
/mnt/hgfs/ws/ljs_admin/public/assets/js/require-frontend.js
/mnt/hgfs/ws/ljs_admin/public/assets/js/../libs/require-css/css.min.js
/mnt/hgfs/ws/ljs_admin/public/assets/libs/layer/dist/layer.js
/mnt/hgfs/ws/ljs_admin/public/assets/libs/toastr/toastr.js
/mnt/hgfs/ws/ljs_admin/public/assets/js/fast.js
/mnt/hgfs/ws/ljs_admin/public/assets/libs/art-template/dist/template-native.js
/mnt/hgfs/ws/ljs_admin/public/assets/js/../libs/moment/moment.js
/mnt/hgfs/ws/ljs_admin/public/assets/js/frontend.js
/mnt/hgfs/ws/ljs_admin/public/assets/js/frontend-init.js


/mnt/hgfs/ws/ljs_admin/public/assets/css/frontend.min.css
----------------
/mnt/hgfs/ws/ljs_admin/public/assets/css/../css/bootstrap.min.css
/mnt/hgfs/ws/ljs_admin/public/assets/css/../css/fastadmin.min.css
/mnt/hgfs/ws/ljs_admin/public/assets/css/../css/iconfont.css
/mnt/hgfs/ws/ljs_admin/public/assets/css/../libs/font-awesome/css/font-awesome.min.css
/mnt/hgfs/ws/ljs_admin/public/assets/css/../libs/toastr/toastr.min.css
/mnt/hgfs/ws/ljs_admin/public/assets/css/../libs/layer/dist/theme/default/layer.css
/mnt/hgfs/ws/ljs_admin/public/assets/css/../libs/bootstrap-daterangepicker/daterangepicker.css
/mnt/hgfs/ws/ljs_admin/public/assets/css/../libs/nice-validator/dist/jquery.validator.css
/mnt/hgfs/ws/ljs_admin/public/assets/css/frontend.css


Tracing dependencies for: require-backend

/mnt/hgfs/ws/ljs_admin/public/assets/js/require-backend.min.js
----------------
/mnt/hgfs/ws/ljs_admin/public/assets/libs/jquery/dist/jquery.min.js
/mnt/hgfs/ws/ljs_admin/public/assets/libs/bootstrap/dist/js/bootstrap.min.js
/mnt/hgfs/ws/ljs_admin/public/assets/js/require-backend.js
/mnt/hgfs/ws/ljs_admin/public/assets/js/../libs/require-css/css.min.js
/mnt/hgfs/ws/ljs_admin/public/assets/libs/layer/dist/layer.js
/mnt/hgfs/ws/ljs_admin/public/assets/libs/toastr/toastr.js
/mnt/hgfs/ws/ljs_admin/public/assets/js/fast.js
/mnt/hgfs/ws/ljs_admin/public/assets/libs/art-template/dist/template-native.js
/mnt/hgfs/ws/ljs_admin/public/assets/js/../libs/moment/moment.js
/mnt/hgfs/ws/ljs_admin/public/assets/js/backend.js
/mnt/hgfs/ws/ljs_admin/public/assets/js/backend-init.js
/mnt/hgfs/ws/ljs_admin/public/assets/js/../libs/moment/locale/zh-cn.js
/mnt/hgfs/ws/ljs_admin/public/assets/libs/bootstrap-table/dist/bootstrap-table.min.js
/mnt/hgfs/ws/ljs_admin/public/assets/libs/bootstrap-table/dist/locale/bootstrap-table-zh-CN.js
/mnt/hgfs/ws/ljs_admin/public/assets/libs/tableExport.jquery.plugin/tableExport.min.js
/mnt/hgfs/ws/ljs_admin/public/assets/libs/bootstrap-table/dist/extensions/export/bootstrap-table-export.min.js
/mnt/hgfs/ws/ljs_admin/public/assets/js/../libs/plupload/js/moxie.min.js
/mnt/hgfs/ws/ljs_admin/public/assets/libs/plupload/js/plupload.min.js
/mnt/hgfs/ws/ljs_admin/public/assets/js/require-upload.js
/mnt/hgfs/ws/ljs_admin/public/assets/libs/nice-validator/dist/jquery.validator.js
/mnt/hgfs/ws/ljs_admin/public/assets/libs/nice-validator/dist/local/zh-CN.js
/mnt/hgfs/ws/ljs_admin/public/assets/js/require-validator.js
/mnt/hgfs/ws/ljs_admin/public/assets/js/require-form.js
/mnt/hgfs/ws/ljs_admin/public/assets/js/bootstrap-table-commonsearch.js
/mnt/hgfs/ws/ljs_admin/public/assets/js/bootstrap-table-template.js
/mnt/hgfs/ws/ljs_admin/public/assets/js/require-table.js
/mnt/hgfs/ws/ljs_admin/public/assets/libs/fastadmin-dragsort/jquery.dragsort.js
/mnt/hgfs/ws/ljs_admin/public/assets/js/jquery.drag.min.js
/mnt/hgfs/ws/ljs_admin/public/assets/js/jquery.drop.min.js
/mnt/hgfs/ws/ljs_admin/public/assets/libs/fastadmin-addtabs/jquery.addtabs.js
/mnt/hgfs/ws/ljs_admin/public/assets/libs/fastadmin-selectpage/selectpage.js


/mnt/hgfs/ws/ljs_admin/public/assets/css/backend.min.css
----------------
/mnt/hgfs/ws/ljs_admin/public/assets/css/../css/bootstrap.min.css
/mnt/hgfs/ws/ljs_admin/public/assets/css/../css/fastadmin.min.css
/mnt/hgfs/ws/ljs_admin/public/assets/css/../css/skins/skin-green.css
/mnt/hgfs/ws/ljs_admin/public/assets/css/../css/iconfont.css
/mnt/hgfs/ws/ljs_admin/public/assets/css/../libs/font-awesome/css/font-awesome.min.css
/mnt/hgfs/ws/ljs_admin/public/assets/css/../libs/toastr/toastr.min.css
/mnt/hgfs/ws/ljs_admin/public/assets/css/../libs/layer/dist/theme/default/layer.css
/mnt/hgfs/ws/ljs_admin/public/assets/css/../libs/bootstrap-table/dist/bootstrap-table.min.css
/mnt/hgfs/ws/ljs_admin/public/assets/css/../libs/eonasdan-bootstrap-datetimepicker/build/css/bootstrap-datetimepicker.min.css
/mnt/hgfs/ws/ljs_admin/public/assets/css/../libs/bootstrap-daterangepicker/daterangepicker.css
/mnt/hgfs/ws/ljs_admin/public/assets/css/../libs/nice-validator/dist/jquery.validator.css
/mnt/hgfs/ws/ljs_admin/public/assets/css/../libs/bootstrap-select/dist/css/bootstrap-select.min.css
/mnt/hgfs/ws/ljs_admin/public/assets/css/../libs/fastadmin-selectpage/selectpage.css
/mnt/hgfs/ws/ljs_admin/public/assets/css/backend.css


Tracing dependencies for: require-frontend

/mnt/hgfs/ws/ljs_admin/public/assets/js/require-frontend.min.js
----------------
/mnt/hgfs/ws/ljs_admin/public/assets/libs/jquery/dist/jquery.min.js
/mnt/hgfs/ws/ljs_admin/public/assets/libs/bootstrap/dist/js/bootstrap.min.js
/mnt/hgfs/ws/ljs_admin/public/assets/js/require-frontend.js
/mnt/hgfs/ws/ljs_admin/public/assets/js/../libs/require-css/css.min.js
/mnt/hgfs/ws/ljs_admin/public/assets/libs/layer/dist/layer.js
/mnt/hgfs/ws/ljs_admin/public/assets/libs/toastr/toastr.js
/mnt/hgfs/ws/ljs_admin/public/assets/js/fast.js
/mnt/hgfs/ws/ljs_admin/public/assets/libs/art-template/dist/template-native.js
/mnt/hgfs/ws/ljs_admin/public/assets/js/../libs/moment/moment.js
/mnt/hgfs/ws/ljs_admin/public/assets/js/frontend.js
/mnt/hgfs/ws/ljs_admin/public/assets/js/frontend-init.js


/mnt/hgfs/ws/ljs_admin/public/assets/css/frontend.min.css
----------------
/mnt/hgfs/ws/ljs_admin/public/assets/css/../css/bootstrap.min.css
/mnt/hgfs/ws/ljs_admin/public/assets/css/../css/fastadmin.min.css
/mnt/hgfs/ws/ljs_admin/public/assets/css/../css/iconfont.css
/mnt/hgfs/ws/ljs_admin/public/assets/css/../libs/font-awesome/css/font-awesome.min.css
/mnt/hgfs/ws/ljs_admin/public/assets/css/../libs/toastr/toastr.min.css
/mnt/hgfs/ws/ljs_admin/public/assets/css/../libs/layer/dist/theme/default/layer.css
/mnt/hgfs/ws/ljs_admin/public/assets/css/../libs/bootstrap-daterangepicker/daterangepicker.css
/mnt/hgfs/ws/ljs_admin/public/assets/css/../libs/nice-validator/dist/jquery.validator.css
/mnt/hgfs/ws/ljs_admin/public/assets/css/frontend.css


Tracing dependencies for: require-backend

/mnt/hgfs/ws/ljs_admin/public/assets/js/require-backend.min.js
----------------
/mnt/hgfs/ws/ljs_admin/public/assets/libs/jquery/dist/jquery.min.js
/mnt/hgfs/ws/ljs_admin/public/assets/libs/bootstrap/dist/js/bootstrap.min.js
/mnt/hgfs/ws/ljs_admin/public/assets/js/require-backend.js
/mnt/hgfs/ws/ljs_admin/public/assets/js/../libs/require-css/css.min.js
/mnt/hgfs/ws/ljs_admin/public/assets/libs/layer/dist/layer.js
/mnt/hgfs/ws/ljs_admin/public/assets/libs/toastr/toastr.js
/mnt/hgfs/ws/ljs_admin/public/assets/js/fast.js
/mnt/hgfs/ws/ljs_admin/public/assets/libs/art-template/dist/template-native.js
/mnt/hgfs/ws/ljs_admin/public/assets/js/../libs/moment/moment.js
/mnt/hgfs/ws/ljs_admin/public/assets/js/backend.js
/mnt/hgfs/ws/ljs_admin/public/assets/js/backend-init.js
/mnt/hgfs/ws/ljs_admin/public/assets/js/../libs/moment/locale/zh-cn.js
/mnt/hgfs/ws/ljs_admin/public/assets/libs/bootstrap-table/dist/bootstrap-table.min.js
/mnt/hgfs/ws/ljs_admin/public/assets/libs/bootstrap-table/dist/locale/bootstrap-table-zh-CN.js
/mnt/hgfs/ws/ljs_admin/public/assets/libs/tableExport.jquery.plugin/tableExport.min.js
/mnt/hgfs/ws/ljs_admin/public/assets/libs/bootstrap-table/dist/extensions/export/bootstrap-table-export.min.js
/mnt/hgfs/ws/ljs_admin/public/assets/js/../libs/plupload/js/moxie.min.js
/mnt/hgfs/ws/ljs_admin/public/assets/libs/plupload/js/plupload.min.js
/mnt/hgfs/ws/ljs_admin/public/assets/js/require-upload.js
/mnt/hgfs/ws/ljs_admin/public/assets/libs/nice-validator/dist/jquery.validator.js
/mnt/hgfs/ws/ljs_admin/public/assets/libs/nice-validator/dist/local/zh-CN.js
/mnt/hgfs/ws/ljs_admin/public/assets/js/require-validator.js
/mnt/hgfs/ws/ljs_admin/public/assets/js/require-form.js
/mnt/hgfs/ws/ljs_admin/public/assets/js/bootstrap-table-commonsearch.js
/mnt/hgfs/ws/ljs_admin/public/assets/js/bootstrap-table-template.js
/mnt/hgfs/ws/ljs_admin/public/assets/js/require-table.js
/mnt/hgfs/ws/ljs_admin/public/assets/libs/fastadmin-dragsort/jquery.dragsort.js
/mnt/hgfs/ws/ljs_admin/public/assets/js/jquery.drag.min.js
/mnt/hgfs/ws/ljs_admin/public/assets/js/jquery.drop.min.js
/mnt/hgfs/ws/ljs_admin/public/assets/libs/fastadmin-addtabs/jquery.addtabs.js
/mnt/hgfs/ws/ljs_admin/public/assets/libs/fastadmin-selectpage/selectpage.js


/mnt/hgfs/ws/ljs_admin/public/assets/css/backend.min.css
----------------
/mnt/hgfs/ws/ljs_admin/public/assets/css/../css/bootstrap.min.css
/mnt/hgfs/ws/ljs_admin/public/assets/css/../css/fastadmin.min.css
/mnt/hgfs/ws/ljs_admin/public/assets/css/../css/skins/skin-green.css
/mnt/hgfs/ws/ljs_admin/public/assets/css/../css/iconfont.css
/mnt/hgfs/ws/ljs_admin/public/assets/css/../libs/font-awesome/css/font-awesome.min.css
/mnt/hgfs/ws/ljs_admin/public/assets/css/../libs/toastr/toastr.min.css
/mnt/hgfs/ws/ljs_admin/public/assets/css/../libs/layer/dist/theme/default/layer.css
/mnt/hgfs/ws/ljs_admin/public/assets/css/../libs/bootstrap-table/dist/bootstrap-table.min.css
/mnt/hgfs/ws/ljs_admin/public/assets/css/../libs/eonasdan-bootstrap-datetimepicker/build/css/bootstrap-datetimepicker.min.css
/mnt/hgfs/ws/ljs_admin/public/assets/css/../libs/bootstrap-daterangepicker/daterangepicker.css
/mnt/hgfs/ws/ljs_admin/public/assets/css/../libs/nice-validator/dist/jquery.validator.css
/mnt/hgfs/ws/ljs_admin/public/assets/css/../libs/bootstrap-select/dist/css/bootstrap-select.min.css
/mnt/hgfs/ws/ljs_admin/public/assets/css/../libs/fastadmin-selectpage/selectpage.css
/mnt/hgfs/ws/ljs_admin/public/assets/css/backend.css


/mnt/hgfs/ws/ljs_admin/public/assets/css/frontend.min.css
----------------
/mnt/hgfs/ws/ljs_admin/public/assets/css/../css/bootstrap.css
/mnt/hgfs/ws/ljs_admin/public/assets/css/../css/fastadmin.css
/mnt/hgfs/ws/ljs_admin/public/assets/css/../css/iconfont.css
/mnt/hgfs/ws/ljs_admin/public/assets/css/../libs/font-awesome/css/font-awesome.min.css
/mnt/hgfs/ws/ljs_admin/public/assets/css/../libs/toastr/toastr.min.css
/mnt/hgfs/ws/ljs_admin/public/assets/css/../libs/layer/dist/theme/default/layer.css
/mnt/hgfs/ws/ljs_admin/public/assets/css/../libs/bootstrap-daterangepicker/daterangepicker.css
/mnt/hgfs/ws/ljs_admin/public/assets/css/../libs/nice-validator/dist/jquery.validator.css
/mnt/hgfs/ws/ljs_admin/public/assets/css/frontend.css


/mnt/hgfs/ws/ljs_admin/public/assets/css/backend.min.css
----------------
/mnt/hgfs/ws/ljs_admin/public/assets/css/../css/bootstrap.css
/mnt/hgfs/ws/ljs_admin/public/assets/css/../css/fastadmin.css
/mnt/hgfs/ws/ljs_admin/public/assets/css/../css/skins/skin-green.css
/mnt/hgfs/ws/ljs_admin/public/assets/css/../css/iconfont.css
/mnt/hgfs/ws/ljs_admin/public/assets/css/../libs/font-awesome/css/font-awesome.min.css
/mnt/hgfs/ws/ljs_admin/public/assets/css/../libs/toastr/toastr.min.css
/mnt/hgfs/ws/ljs_admin/public/assets/css/../libs/layer/dist/theme/default/layer.css
/mnt/hgfs/ws/ljs_admin/public/assets/css/../libs/bootstrap-table/dist/bootstrap-table.min.css
/mnt/hgfs/ws/ljs_admin/public/assets/css/../libs/eonasdan-bootstrap-datetimepicker/build/css/bootstrap-datetimepicker.min.css
/mnt/hgfs/ws/ljs_admin/public/assets/css/../libs/bootstrap-daterangepicker/daterangepicker.css
/mnt/hgfs/ws/ljs_admin/public/assets/css/../libs/nice-validator/dist/jquery.validator.css
/mnt/hgfs/ws/ljs_admin/public/assets/css/../libs/bootstrap-select/dist/css/bootstrap-select.min.css
/mnt/hgfs/ws/ljs_admin/public/assets/css/../libs/fastadmin-selectpage/selectpage.css
/mnt/hgfs/ws/ljs_admin/public/assets/css/backend.css


Tracing dependencies for: require-frontend

/mnt/hgfs/ws/ljs_admin/public/assets/js/require-frontend.min.js
----------------
/mnt/hgfs/ws/ljs_admin/public/assets/libs/jquery/dist/jquery.min.js
/mnt/hgfs/ws/ljs_admin/public/assets/libs/bootstrap/dist/js/bootstrap.min.js
/mnt/hgfs/ws/ljs_admin/public/assets/js/require-frontend.js
/mnt/hgfs/ws/ljs_admin/public/assets/js/../libs/require-css/css.min.js
/mnt/hgfs/ws/ljs_admin/public/assets/libs/layer/dist/layer.js
/mnt/hgfs/ws/ljs_admin/public/assets/libs/toastr/toastr.js
/mnt/hgfs/ws/ljs_admin/public/assets/js/fast.js
/mnt/hgfs/ws/ljs_admin/public/assets/libs/art-template/dist/template-native.js
/mnt/hgfs/ws/ljs_admin/public/assets/js/../libs/moment/moment.js
/mnt/hgfs/ws/ljs_admin/public/assets/js/frontend.js
/mnt/hgfs/ws/ljs_admin/public/assets/js/frontend-init.js


Tracing dependencies for: require-backend

/mnt/hgfs/ws/ljs_admin/public/assets/js/require-backend.min.js
----------------
/mnt/hgfs/ws/ljs_admin/public/assets/libs/jquery/dist/jquery.min.js
/mnt/hgfs/ws/ljs_admin/public/assets/libs/bootstrap/dist/js/bootstrap.min.js
/mnt/hgfs/ws/ljs_admin/public/assets/js/require-backend.js
/mnt/hgfs/ws/ljs_admin/public/assets/js/../libs/require-css/css.min.js
/mnt/hgfs/ws/ljs_admin/public/assets/libs/layer/dist/layer.js
/mnt/hgfs/ws/ljs_admin/public/assets/libs/toastr/toastr.js
/mnt/hgfs/ws/ljs_admin/public/assets/js/fast.js
/mnt/hgfs/ws/ljs_admin/public/assets/libs/art-template/dist/template-native.js
/mnt/hgfs/ws/ljs_admin/public/assets/js/../libs/moment/moment.js
/mnt/hgfs/ws/ljs_admin/public/assets/js/backend.js
/mnt/hgfs/ws/ljs_admin/public/assets/js/backend-init.js
/mnt/hgfs/ws/ljs_admin/public/assets/js/../libs/moment/locale/zh-cn.js
/mnt/hgfs/ws/ljs_admin/public/assets/libs/bootstrap-table/dist/bootstrap-table.min.js
/mnt/hgfs/ws/ljs_admin/public/assets/libs/bootstrap-table/dist/locale/bootstrap-table-zh-CN.js
/mnt/hgfs/ws/ljs_admin/public/assets/libs/tableExport.jquery.plugin/tableExport.min.js
/mnt/hgfs/ws/ljs_admin/public/assets/libs/bootstrap-table/dist/extensions/export/bootstrap-table-export.min.js
/mnt/hgfs/ws/ljs_admin/public/assets/js/../libs/plupload/js/moxie.min.js
/mnt/hgfs/ws/ljs_admin/public/assets/libs/plupload/js/plupload.min.js
/mnt/hgfs/ws/ljs_admin/public/assets/js/require-upload.js
/mnt/hgfs/ws/ljs_admin/public/assets/libs/nice-validator/dist/jquery.validator.js
/mnt/hgfs/ws/ljs_admin/public/assets/libs/nice-validator/dist/local/zh-CN.js
/mnt/hgfs/ws/ljs_admin/public/assets/js/require-validator.js
/mnt/hgfs/ws/ljs_admin/public/assets/js/require-form.js
/mnt/hgfs/ws/ljs_admin/public/assets/js/bootstrap-table-commonsearch.js
/mnt/hgfs/ws/ljs_admin/public/assets/js/bootstrap-table-template.js
/mnt/hgfs/ws/ljs_admin/public/assets/js/require-table.js
/mnt/hgfs/ws/ljs_admin/public/assets/libs/fastadmin-dragsort/jquery.dragsort.js
/mnt/hgfs/ws/ljs_admin/public/assets/js/jquery.drag.min.js
/mnt/hgfs/ws/ljs_admin/public/assets/js/jquery.drop.min.js
/mnt/hgfs/ws/ljs_admin/public/assets/libs/fastadmin-addtabs/jquery.addtabs.js
/mnt/hgfs/ws/ljs_admin/public/assets/libs/fastadmin-selectpage/selectpage.js

